{"meta": {"format": 3, "version": "7.10.1", "timestamp": "2025-08-03T00:21:18.550373", "branch_coverage": false, "show_contexts": false}, "files": {"__init__.py": {"executed_lines": [1], "summary": {"covered_lines": 0, "num_statements": 0, "percent_covered": 100.0, "percent_covered_display": "100", "missing_lines": 0, "excluded_lines": 0}, "missing_lines": [], "excluded_lines": [], "functions": {"": {"executed_lines": [1], "summary": {"covered_lines": 0, "num_statements": 0, "percent_covered": 100.0, "percent_covered_display": "100", "missing_lines": 0, "excluded_lines": 0}, "missing_lines": [], "excluded_lines": []}}, "classes": {"": {"executed_lines": [1], "summary": {"covered_lines": 0, "num_statements": 0, "percent_covered": 100.0, "percent_covered_display": "100", "missing_lines": 0, "excluded_lines": 0}, "missing_lines": [], "excluded_lines": []}}}, "analytics\\advanced_reporting_analytics.py": {"executed_lines": [1, 6, 7, 8, 9, 10, 11, 12, 13, 14, 15, 16], "summary": {"covered_lines": 11, "num_statements": 358, "percent_covered": 3.0726256983240225, "percent_covered_display": "3", "missing_lines": 347, "excluded_lines": 0}, "missing_lines": [17, 20, 21, 23, 25, 26, 27, 28, 29, 30, 31, 32, 33, 35, 37, 38, 39, 40, 41, 42, 43, 44, 46, 48, 49, 50, 51, 52, 53, 54, 56, 58, 59, 60, 61, 62, 63, 65, 66, 68, 69, 70, 71, 72, 73, 74, 76, 77, 79, 80, 81, 82, 83, 84, 85, 86, 87, 89, 90, 92, 93, 94, 95, 96, 97, 98, 99, 100, 101, 103, 104, 106, 107, 108, 109, 110, 111, 112, 113, 114, 116, 117, 119, 120, 121, 122, 123, 124, 125, 126, 127, 129, 130, 132, 133, 134, 135, 136, 137, 138, 139, 140, 142, 145, 146, 147, 149, 151, 153, 154, 155, 158, 159, 160, 161, 162, 163, 164, 165, 167, 170, 171, 173, 175, 176, 177, 179, 181, 182, 184, 185, 186, 188, 190, 193, 194, 195, 209, 212, 213, 214, 215, 217, 218, 219, 220, 221, 222, 223, 224, 225, 226, 227, 228, 229, 231, 232, 234, 236, 238, 240, 241, 242, 254, 256, 258, 260, 261, 262, 274, 276, 278, 281, 282, 284, 285, 286, 297, 299, 301, 304, 305, 306, 313, 315, 317, 319, 320, 322, 323, 324, 326, 327, 328, 329, 330, 331, 332, 333, 334, 335, 336, 337, 339, 341, 344, 345, 347, 349, 351, 352, 354, 356, 357, 358, 361, 372, 373, 375, 376, 377, 388, 391, 401, 402, 403, 406, 409, 410, 411, 412, 413, 414, 415, 416, 417, 418, 419, 420, 422, 424, 427, 429, 430, 431, 432, 433, 434, 437, 438, 439, 440, 445, 453, 456, 458, 459, 460, 461, 464, 465, 466, 467, 473, 475, 483, 486, 488, 489, 490, 491, 494, 495, 497, 498, 499, 506, 508, 515, 517, 519, 520, 521, 527, 535, 538, 541, 542, 543, 545, 554, 556, 557, 564, 567, 569, 579, 582, 583, 584, 585, 588, 589, 590, 591, 592, 594, 595, 596, 598, 600, 603, 650, 653, 700, 702, 704, 750, 752, 754, 801, 802, 804, 806, 807, 808, 810, 811, 813, 815, 817, 818, 819, 821, 830, 831, 832, 839, 841, 843, 845, 847, 849, 851, 853, 855, 866], "excluded_lines": [], "functions": {"DataProcessor.__init__": {"executed_lines": [], "summary": {"covered_lines": 0, "num_statements": 2, "percent_covered": 0.0, "percent_covered_display": "0", "missing_lines": 2, "excluded_lines": 0}, "missing_lines": [146, 147], "excluded_lines": []}, "DataProcessor.process_data": {"executed_lines": [], "summary": {"covered_lines": 0, "num_statements": 19, "percent_covered": 0.0, "percent_covered_display": "0", "missing_lines": 19, "excluded_lines": 0}, "missing_lines": [151, 153, 154, 155, 158, 159, 160, 161, 162, 163, 164, 165, 167, 170, 171, 173, 175, 176, 177], "excluded_lines": []}, "DataProcessor._is_cache_valid": {"executed_lines": [], "summary": {"covered_lines": 0, "num_statements": 6, "percent_covered": 0.0, "percent_covered_display": "0", "missing_lines": 6, "excluded_lines": 0}, "missing_lines": [181, 182, 184, 185, 186, 188], "excluded_lines": []}, "DataProcessor._get_project_data": {"executed_lines": [], "summary": {"covered_lines": 0, "num_statements": 25, "percent_covered": 0.0, "percent_covered_display": "0", "missing_lines": 25, "excluded_lines": 0}, "missing_lines": [193, 194, 195, 209, 212, 213, 214, 215, 217, 218, 219, 220, 221, 222, 223, 224, 225, 226, 227, 228, 229, 231, 232, 234, 236], "excluded_lines": []}, "DataProcessor._get_calculation_data": {"executed_lines": [], "summary": {"covered_lines": 0, "num_statements": 5, "percent_covered": 0.0, "percent_covered_display": "0", "missing_lines": 5, "excluded_lines": 0}, "missing_lines": [240, 241, 242, 254, 256], "excluded_lines": []}, "DataProcessor._get_user_data": {"executed_lines": [], "summary": {"covered_lines": 0, "num_statements": 5, "percent_covered": 0.0, "percent_covered_display": "0", "missing_lines": 5, "excluded_lines": 0}, "missing_lines": [260, 261, 262, 274, 276], "excluded_lines": []}, "DataProcessor._get_system_data": {"executed_lines": [], "summary": {"covered_lines": 0, "num_statements": 7, "percent_covered": 0.0, "percent_covered_display": "0", "missing_lines": 7, "excluded_lines": 0}, "missing_lines": [281, 282, 284, 285, 286, 297, 299], "excluded_lines": []}, "DataProcessor._get_sample_data": {"executed_lines": [], "summary": {"covered_lines": 0, "num_statements": 5, "percent_covered": 0.0, "percent_covered_display": "0", "missing_lines": 5, "excluded_lines": 0}, "missing_lines": [304, 305, 306, 313, 315], "excluded_lines": []}, "DataProcessor.aggregate_data": {"executed_lines": [], "summary": {"covered_lines": 0, "num_statements": 18, "percent_covered": 0.0, "percent_covered_display": "0", "missing_lines": 18, "excluded_lines": 0}, "missing_lines": [319, 320, 322, 323, 324, 326, 327, 328, 329, 330, 331, 332, 333, 334, 335, 336, 337, 339], "excluded_lines": []}, "ReportGenerator.__init__": {"executed_lines": [], "summary": {"covered_lines": 0, "num_statements": 1, "percent_covered": 0.0, "percent_covered_display": "0", "missing_lines": 1, "excluded_lines": 0}, "missing_lines": [345], "excluded_lines": []}, "ReportGenerator.generate_report": {"executed_lines": [], "summary": {"covered_lines": 0, "num_statements": 13, "percent_covered": 0.0, "percent_covered_display": "0", "missing_lines": 13, "excluded_lines": 0}, "missing_lines": [349, 351, 352, 354, 356, 357, 358, 361, 372, 373, 375, 376, 377], "excluded_lines": []}, "ReportGenerator._generate_chart_data": {"executed_lines": [], "summary": {"covered_lines": 0, "num_statements": 18, "percent_covered": 0.0, "percent_covered_display": "0", "missing_lines": 18, "excluded_lines": 0}, "missing_lines": [391, 401, 402, 403, 406, 409, 410, 411, 412, 413, 414, 415, 416, 417, 418, 419, 420, 422], "excluded_lines": []}, "ReportGenerator._process_time_series_data": {"executed_lines": [], "summary": {"covered_lines": 0, "num_statements": 12, "percent_covered": 0.0, "percent_covered_display": "0", "missing_lines": 12, "excluded_lines": 0}, "missing_lines": [427, 429, 430, 431, 432, 433, 434, 437, 438, 439, 440, 445], "excluded_lines": []}, "ReportGenerator._process_categorical_data": {"executed_lines": [], "summary": {"covered_lines": 0, "num_statements": 11, "percent_covered": 0.0, "percent_covered_display": "0", "missing_lines": 11, "excluded_lines": 0}, "missing_lines": [456, 458, 459, 460, 461, 464, 465, 466, 467, 473, 475], "excluded_lines": []}, "ReportGenerator._process_pie_data": {"executed_lines": [], "summary": {"covered_lines": 0, "num_statements": 12, "percent_covered": 0.0, "percent_covered_display": "0", "missing_lines": 12, "excluded_lines": 0}, "missing_lines": [486, 488, 489, 490, 491, 494, 495, 497, 498, 499, 506, 508], "excluded_lines": []}, "ReportGenerator._process_scatter_data": {"executed_lines": [], "summary": {"covered_lines": 0, "num_statements": 5, "percent_covered": 0.0, "percent_covered_display": "0", "missing_lines": 5, "excluded_lines": 0}, "missing_lines": [517, 519, 520, 521, 527], "excluded_lines": []}, "ReportGenerator._process_table_data": {"executed_lines": [], "summary": {"covered_lines": 0, "num_statements": 5, "percent_covered": 0.0, "percent_covered_display": "0", "missing_lines": 5, "excluded_lines": 0}, "missing_lines": [538, 541, 542, 543, 545], "excluded_lines": []}, "ReportGenerator._process_gauge_data": {"executed_lines": [], "summary": {"covered_lines": 0, "num_statements": 5, "percent_covered": 0.0, "percent_covered_display": "0", "missing_lines": 5, "excluded_lines": 0}, "missing_lines": [556, 557, 564, 567, 569], "excluded_lines": []}, "AdvancedReportingAnalyticsSystem.__init__": {"executed_lines": [], "summary": {"covered_lines": 0, "num_statements": 12, "percent_covered": 0.0, "percent_covered_display": "0", "missing_lines": 12, "excluded_lines": 0}, "missing_lines": [583, 584, 585, 588, 589, 590, 591, 592, 594, 595, 596, 598], "excluded_lines": []}, "AdvancedReportingAnalyticsSystem._initialize_default_templates": {"executed_lines": [], "summary": {"covered_lines": 0, "num_statements": 4, "percent_covered": 0.0, "percent_covered_display": "0", "missing_lines": 4, "excluded_lines": 0}, "missing_lines": [603, 650, 653, 700], "excluded_lines": []}, "AdvancedReportingAnalyticsSystem._initialize_default_dashboards": {"executed_lines": [], "summary": {"covered_lines": 0, "num_statements": 2, "percent_covered": 0.0, "percent_covered_display": "0", "missing_lines": 2, "excluded_lines": 0}, "missing_lines": [704, 750], "excluded_lines": []}, "AdvancedReportingAnalyticsSystem._initialize_default_kpis": {"executed_lines": [], "summary": {"covered_lines": 0, "num_statements": 3, "percent_covered": 0.0, "percent_covered_display": "0", "missing_lines": 3, "excluded_lines": 0}, "missing_lines": [754, 801, 802], "excluded_lines": []}, "AdvancedReportingAnalyticsSystem.generate_report": {"executed_lines": [], "summary": {"covered_lines": 0, "num_statements": 6, "percent_covered": 0.0, "percent_covered_display": "0", "missing_lines": 6, "excluded_lines": 0}, "missing_lines": [806, 807, 808, 810, 811, 813], "excluded_lines": []}, "AdvancedReportingAnalyticsSystem.get_dashboard_data": {"executed_lines": [], "summary": {"covered_lines": 0, "num_statements": 8, "percent_covered": 0.0, "percent_covered_display": "0", "missing_lines": 8, "excluded_lines": 0}, "missing_lines": [817, 818, 819, 821, 830, 831, 832, 839], "excluded_lines": []}, "AdvancedReportingAnalyticsSystem.get_kpis": {"executed_lines": [], "summary": {"covered_lines": 0, "num_statements": 1, "percent_covered": 0.0, "percent_covered_display": "0", "missing_lines": 1, "excluded_lines": 0}, "missing_lines": [843], "excluded_lines": []}, "AdvancedReportingAnalyticsSystem.get_report_templates": {"executed_lines": [], "summary": {"covered_lines": 0, "num_statements": 1, "percent_covered": 0.0, "percent_covered_display": "0", "missing_lines": 1, "excluded_lines": 0}, "missing_lines": [847], "excluded_lines": []}, "AdvancedReportingAnalyticsSystem.get_dashboards": {"executed_lines": [], "summary": {"covered_lines": 0, "num_statements": 1, "percent_covered": 0.0, "percent_covered_display": "0", "missing_lines": 1, "excluded_lines": 0}, "missing_lines": [851], "excluded_lines": []}, "AdvancedReportingAnalyticsSystem.get_analytics_status": {"executed_lines": [], "summary": {"covered_lines": 0, "num_statements": 1, "percent_covered": 0.0, "percent_covered_display": "0", "missing_lines": 1, "excluded_lines": 0}, "missing_lines": [855], "excluded_lines": []}, "": {"executed_lines": [1, 6, 7, 8, 9, 10, 11, 12, 13, 14, 15, 16], "summary": {"covered_lines": 11, "num_statements": 145, "percent_covered": 7.586206896551724, "percent_covered_display": "8", "missing_lines": 134, "excluded_lines": 0}, "missing_lines": [17, 20, 21, 23, 25, 26, 27, 28, 29, 30, 31, 32, 33, 35, 37, 38, 39, 40, 41, 42, 43, 44, 46, 48, 49, 50, 51, 52, 53, 54, 56, 58, 59, 60, 61, 62, 63, 65, 66, 68, 69, 70, 71, 72, 73, 74, 76, 77, 79, 80, 81, 82, 83, 84, 85, 86, 87, 89, 90, 92, 93, 94, 95, 96, 97, 98, 99, 100, 101, 103, 104, 106, 107, 108, 109, 110, 111, 112, 113, 114, 116, 117, 119, 120, 121, 122, 123, 124, 125, 126, 127, 129, 130, 132, 133, 134, 135, 136, 137, 138, 139, 140, 142, 145, 149, 179, 190, 238, 258, 278, 301, 317, 341, 344, 347, 388, 424, 453, 483, 515, 535, 554, 579, 582, 600, 702, 752, 804, 815, 841, 845, 849, 853, 866], "excluded_lines": []}}, "classes": {"ReportType": {"executed_lines": [], "summary": {"covered_lines": 0, "num_statements": 0, "percent_covered": 100.0, "percent_covered_display": "100", "missing_lines": 0, "excluded_lines": 0}, "missing_lines": [], "excluded_lines": []}, "ChartType": {"executed_lines": [], "summary": {"covered_lines": 0, "num_statements": 0, "percent_covered": 100.0, "percent_covered_display": "100", "missing_lines": 0, "excluded_lines": 0}, "missing_lines": [], "excluded_lines": []}, "AggregationType": {"executed_lines": [], "summary": {"covered_lines": 0, "num_statements": 0, "percent_covered": 100.0, "percent_covered_display": "100", "missing_lines": 0, "excluded_lines": 0}, "missing_lines": [], "excluded_lines": []}, "TimeRange": {"executed_lines": [], "summary": {"covered_lines": 0, "num_statements": 0, "percent_covered": 100.0, "percent_covered_display": "100", "missing_lines": 0, "excluded_lines": 0}, "missing_lines": [], "excluded_lines": []}, "DataSource": {"executed_lines": [], "summary": {"covered_lines": 0, "num_statements": 0, "percent_covered": 100.0, "percent_covered_display": "100", "missing_lines": 0, "excluded_lines": 0}, "missing_lines": [], "excluded_lines": []}, "ChartConfig": {"executed_lines": [], "summary": {"covered_lines": 0, "num_statements": 0, "percent_covered": 100.0, "percent_covered_display": "100", "missing_lines": 0, "excluded_lines": 0}, "missing_lines": [], "excluded_lines": []}, "ReportTemplate": {"executed_lines": [], "summary": {"covered_lines": 0, "num_statements": 0, "percent_covered": 100.0, "percent_covered_display": "100", "missing_lines": 0, "excluded_lines": 0}, "missing_lines": [], "excluded_lines": []}, "ReportInstance": {"executed_lines": [], "summary": {"covered_lines": 0, "num_statements": 0, "percent_covered": 100.0, "percent_covered_display": "100", "missing_lines": 0, "excluded_lines": 0}, "missing_lines": [], "excluded_lines": []}, "Dashboard": {"executed_lines": [], "summary": {"covered_lines": 0, "num_statements": 0, "percent_covered": 100.0, "percent_covered_display": "100", "missing_lines": 0, "excluded_lines": 0}, "missing_lines": [], "excluded_lines": []}, "KPI": {"executed_lines": [], "summary": {"covered_lines": 0, "num_statements": 0, "percent_covered": 100.0, "percent_covered_display": "100", "missing_lines": 0, "excluded_lines": 0}, "missing_lines": [], "excluded_lines": []}, "DataProcessor": {"executed_lines": [], "summary": {"covered_lines": 0, "num_statements": 92, "percent_covered": 0.0, "percent_covered_display": "0", "missing_lines": 92, "excluded_lines": 0}, "missing_lines": [146, 147, 151, 153, 154, 155, 158, 159, 160, 161, 162, 163, 164, 165, 167, 170, 171, 173, 175, 176, 177, 181, 182, 184, 185, 186, 188, 193, 194, 195, 209, 212, 213, 214, 215, 217, 218, 219, 220, 221, 222, 223, 224, 225, 226, 227, 228, 229, 231, 232, 234, 236, 240, 241, 242, 254, 256, 260, 261, 262, 274, 276, 281, 282, 284, 285, 286, 297, 299, 304, 305, 306, 313, 315, 319, 320, 322, 323, 324, 326, 327, 328, 329, 330, 331, 332, 333, 334, 335, 336, 337, 339], "excluded_lines": []}, "ReportGenerator": {"executed_lines": [], "summary": {"covered_lines": 0, "num_statements": 82, "percent_covered": 0.0, "percent_covered_display": "0", "missing_lines": 82, "excluded_lines": 0}, "missing_lines": [345, 349, 351, 352, 354, 356, 357, 358, 361, 372, 373, 375, 376, 377, 391, 401, 402, 403, 406, 409, 410, 411, 412, 413, 414, 415, 416, 417, 418, 419, 420, 422, 427, 429, 430, 431, 432, 433, 434, 437, 438, 439, 440, 445, 456, 458, 459, 460, 461, 464, 465, 466, 467, 473, 475, 486, 488, 489, 490, 491, 494, 495, 497, 498, 499, 506, 508, 517, 519, 520, 521, 527, 538, 541, 542, 543, 545, 556, 557, 564, 567, 569], "excluded_lines": []}, "AdvancedReportingAnalyticsSystem": {"executed_lines": [], "summary": {"covered_lines": 0, "num_statements": 39, "percent_covered": 0.0, "percent_covered_display": "0", "missing_lines": 39, "excluded_lines": 0}, "missing_lines": [583, 584, 585, 588, 589, 590, 591, 592, 594, 595, 596, 598, 603, 650, 653, 700, 704, 750, 754, 801, 802, 806, 807, 808, 810, 811, 813, 817, 818, 819, 821, 830, 831, 832, 839, 843, 847, 851, 855], "excluded_lines": []}, "": {"executed_lines": [1, 6, 7, 8, 9, 10, 11, 12, 13, 14, 15, 16], "summary": {"covered_lines": 11, "num_statements": 145, "percent_covered": 7.586206896551724, "percent_covered_display": "8", "missing_lines": 134, "excluded_lines": 0}, "missing_lines": [17, 20, 21, 23, 25, 26, 27, 28, 29, 30, 31, 32, 33, 35, 37, 38, 39, 40, 41, 42, 43, 44, 46, 48, 49, 50, 51, 52, 53, 54, 56, 58, 59, 60, 61, 62, 63, 65, 66, 68, 69, 70, 71, 72, 73, 74, 76, 77, 79, 80, 81, 82, 83, 84, 85, 86, 87, 89, 90, 92, 93, 94, 95, 96, 97, 98, 99, 100, 101, 103, 104, 106, 107, 108, 109, 110, 111, 112, 113, 114, 116, 117, 119, 120, 121, 122, 123, 124, 125, 126, 127, 129, 130, 132, 133, 134, 135, 136, 137, 138, 139, 140, 142, 145, 149, 179, 190, 238, 258, 278, 301, 317, 341, 344, 347, 388, 424, 453, 483, 515, 535, 554, 579, 582, 600, 702, 752, 804, 815, 841, 845, 849, 853, 866], "excluded_lines": []}}}, "api\\__init__.py": {"executed_lines": [1, 8, 9, 15, 17, 19], "summary": {"covered_lines": 5, "num_statements": 10, "percent_covered": 50.0, "percent_covered_display": "50", "missing_lines": 5, "excluded_lines": 0}, "missing_lines": [10, 11, 12, 13, 14], "excluded_lines": [], "functions": {"": {"executed_lines": [1, 8, 9, 15, 17, 19], "summary": {"covered_lines": 5, "num_statements": 10, "percent_covered": 50.0, "percent_covered_display": "50", "missing_lines": 5, "excluded_lines": 0}, "missing_lines": [10, 11, 12, 13, 14], "excluded_lines": []}}, "classes": {"": {"executed_lines": [1, 8, 9, 15, 17, 19], "summary": {"covered_lines": 5, "num_statements": 10, "percent_covered": 50.0, "percent_covered_display": "50", "missing_lines": 5, "excluded_lines": 0}, "missing_lines": [10, 11, 12, 13, 14], "excluded_lines": []}}}, "api\\analytics_routes.py": {"executed_lines": [1, 6, 7, 8, 9, 10, 11, 12, 14], "summary": {"covered_lines": 8, "num_statements": 134, "percent_covered": 5.970149253731344, "percent_covered_display": "6", "missing_lines": 126, "excluded_lines": 0}, "missing_lines": [22, 24, 25, 27, 29, 32, 33, 49, 50, 62, 73, 74, 79, 80, 82, 83, 84, 100, 108, 109, 114, 115, 117, 118, 119, 133, 141, 142, 147, 148, 150, 152, 153, 155, 156, 160, 162, 167, 168, 172, 173, 178, 179, 181, 182, 183, 197, 205, 206, 211, 212, 214, 215, 216, 217, 219, 220, 226, 227, 229, 230, 234, 236, 248, 249, 253, 254, 259, 260, 262, 263, 264, 266, 269, 272, 273, 274, 276, 289, 302, 303, 308, 309, 311, 312, 313, 314, 319, 333, 334, 339, 340, 342, 343, 344, 345, 350, 352, 354, 355, 364, 365, 372, 374, 375, 378, 381, 382, 383, 384, 385, 386, 387, 388, 390, 391, 399, 404, 405, 410, 411, 413, 414, 416, 422, 423], "excluded_lines": [], "functions": {"get_analytics_dashboard": {"executed_lines": [], "summary": {"covered_lines": 0, "num_statements": 9, "percent_covered": 0.0, "percent_covered_display": "0", "missing_lines": 9, "excluded_lines": 0}, "missing_lines": [27, 29, 32, 33, 49, 50, 62, 73, 74], "excluded_lines": []}, "get_kpis": {"executed_lines": [], "summary": {"covered_lines": 0, "num_statements": 6, "percent_covered": 0.0, "percent_covered_display": "0", "missing_lines": 6, "excluded_lines": 0}, "missing_lines": [82, 83, 84, 100, 108, 109], "excluded_lines": []}, "get_dashboards": {"executed_lines": [], "summary": {"covered_lines": 0, "num_statements": 6, "percent_covered": 0.0, "percent_covered_display": "0", "missing_lines": 6, "excluded_lines": 0}, "missing_lines": [117, 118, 119, 133, 141, 142], "excluded_lines": []}, "get_dashboard_data": {"executed_lines": [], "summary": {"covered_lines": 0, "num_statements": 11, "percent_covered": 0.0, "percent_covered_display": "0", "missing_lines": 11, "excluded_lines": 0}, "missing_lines": [150, 152, 153, 155, 156, 160, 162, 167, 168, 172, 173], "excluded_lines": []}, "get_report_templates": {"executed_lines": [], "summary": {"covered_lines": 0, "num_statements": 6, "percent_covered": 0.0, "percent_covered_display": "0", "missing_lines": 6, "excluded_lines": 0}, "missing_lines": [181, 182, 183, 197, 205, 206], "excluded_lines": []}, "generate_report": {"executed_lines": [], "summary": {"covered_lines": 0, "num_statements": 16, "percent_covered": 0.0, "percent_covered_display": "0", "missing_lines": 16, "excluded_lines": 0}, "missing_lines": [214, 215, 216, 217, 219, 220, 226, 227, 229, 230, 234, 236, 248, 249, 253, 254], "excluded_lines": []}, "get_reports": {"executed_lines": [], "summary": {"covered_lines": 0, "num_statements": 12, "percent_covered": 0.0, "percent_covered_display": "0", "missing_lines": 12, "excluded_lines": 0}, "missing_lines": [262, 263, 264, 266, 269, 272, 273, 274, 276, 289, 302, 303], "excluded_lines": []}, "get_report": {"executed_lines": [], "summary": {"covered_lines": 0, "num_statements": 7, "percent_covered": 0.0, "percent_covered_display": "0", "missing_lines": 7, "excluded_lines": 0}, "missing_lines": [311, 312, 313, 314, 319, 333, 334], "excluded_lines": []}, "export_report": {"executed_lines": [], "summary": {"covered_lines": 0, "num_statements": 27, "percent_covered": 0.0, "percent_covered_display": "0", "missing_lines": 27, "excluded_lines": 0}, "missing_lines": [342, 343, 344, 345, 350, 352, 354, 355, 364, 365, 372, 374, 375, 378, 381, 382, 383, 384, 385, 386, 387, 388, 390, 391, 399, 404, 405], "excluded_lines": []}, "health_check": {"executed_lines": [], "summary": {"covered_lines": 0, "num_statements": 5, "percent_covered": 0.0, "percent_covered_display": "0", "missing_lines": 5, "excluded_lines": 0}, "missing_lines": [413, 414, 416, 422, 423], "excluded_lines": []}, "": {"executed_lines": [1, 6, 7, 8, 9, 10, 11, 12, 14], "summary": {"covered_lines": 8, "num_statements": 29, "percent_covered": 27.586206896551722, "percent_covered_display": "28", "missing_lines": 21, "excluded_lines": 0}, "missing_lines": [22, 24, 25, 79, 80, 114, 115, 147, 148, 178, 179, 211, 212, 259, 260, 308, 309, 339, 340, 410, 411], "excluded_lines": []}}, "classes": {"": {"executed_lines": [1, 6, 7, 8, 9, 10, 11, 12, 14], "summary": {"covered_lines": 8, "num_statements": 134, "percent_covered": 5.970149253731344, "percent_covered_display": "6", "missing_lines": 126, "excluded_lines": 0}, "missing_lines": [22, 24, 25, 27, 29, 32, 33, 49, 50, 62, 73, 74, 79, 80, 82, 83, 84, 100, 108, 109, 114, 115, 117, 118, 119, 133, 141, 142, 147, 148, 150, 152, 153, 155, 156, 160, 162, 167, 168, 172, 173, 178, 179, 181, 182, 183, 197, 205, 206, 211, 212, 214, 215, 216, 217, 219, 220, 226, 227, 229, 230, 234, 236, 248, 249, 253, 254, 259, 260, 262, 263, 264, 266, 269, 272, 273, 274, 276, 289, 302, 303, 308, 309, 311, 312, 313, 314, 319, 333, 334, 339, 340, 342, 343, 344, 345, 350, 352, 354, 355, 364, 365, 372, 374, 375, 378, 381, 382, 383, 384, 385, 386, 387, 388, 390, 391, 399, 404, 405, 410, 411, 413, 414, 416, 422, 423], "excluded_lines": []}}}, "api\\calculations.py": {"executed_lines": [1, 7, 8, 9, 10, 13, 16, 19, 23, 27, 30, 31, 39, 41, 43, 44, 45, 97, 98, 121, 122, 140, 141, 184, 185, 217, 218, 243, 244, 350, 351, 412, 413, 528, 529, 576, 577, 601, 602, 626, 627], "summary": {"covered_lines": 40, "num_statements": 207, "percent_covered": 19.32367149758454, "percent_covered_display": "19", "missing_lines": 167, "excluded_lines": 0}, "missing_lines": [32, 34, 35, 36, 37, 59, 61, 62, 64, 65, 68, 71, 74, 84, 85, 86, 88, 91, 93, 94, 95, 100, 101, 103, 104, 106, 107, 109, 115, 117, 118, 119, 124, 125, 126, 128, 134, 136, 137, 138, 143, 145, 173, 178, 180, 181, 182, 187, 189, 211, 213, 214, 215, 222, 223, 226, 235, 236, 238, 239, 240, 260, 261, 263, 264, 267, 268, 269, 270, 271, 274, 275, 276, 277, 285, 286, 287, 288, 289, 292, 303, 306, 334, 335, 341, 343, 345, 346, 347, 365, 366, 368, 369, 372, 373, 374, 375, 383, 390, 403, 405, 407, 408, 409, 434, 435, 438, 439, 440, 441, 444, 445, 446, 447, 448, 451, 452, 453, 454, 455, 458, 459, 460, 461, 462, 465, 466, 467, 468, 476, 490, 493, 519, 521, 523, 524, 525, 533, 534, 570, 572, 573, 574, 581, 582, 585, 594, 595, 597, 598, 599, 606, 607, 610, 619, 620, 622, 623, 624, 631, 632, 635, 645, 646, 648, 649, 650], "excluded_lines": [], "functions": {"calculate_air_duct": {"executed_lines": [], "summary": {"covered_lines": 0, "num_statements": 16, "percent_covered": 0.0, "percent_covered_display": "0", "missing_lines": 16, "excluded_lines": 0}, "missing_lines": [59, 61, 62, 64, 65, 68, 71, 74, 84, 85, 86, 88, 91, 93, 94, 95], "excluded_lines": []}, "validate_air_duct_input": {"executed_lines": [], "summary": {"covered_lines": 0, "num_statements": 11, "percent_covered": 0.0, "percent_covered_display": "0", "missing_lines": 11, "excluded_lines": 0}, "missing_lines": [100, 101, 103, 104, 106, 107, 109, 115, 117, 118, 119], "excluded_lines": []}, "get_air_duct_standard_sizes": {"executed_lines": [], "summary": {"covered_lines": 0, "num_statements": 8, "percent_covered": 0.0, "percent_covered_display": "0", "missing_lines": 8, "excluded_lines": 0}, "missing_lines": [124, 125, 126, 128, 134, 136, 137, 138], "excluded_lines": []}, "get_air_duct_materials": {"executed_lines": [], "summary": {"covered_lines": 0, "num_statements": 7, "percent_covered": 0.0, "percent_covered_display": "0", "missing_lines": 7, "excluded_lines": 0}, "missing_lines": [143, 145, 173, 178, 180, 181, 182], "excluded_lines": []}, "get_air_duct_info": {"executed_lines": [], "summary": {"covered_lines": 0, "num_statements": 6, "percent_covered": 0.0, "percent_covered_display": "0", "missing_lines": 6, "excluded_lines": 0}, "missing_lines": [187, 189, 211, 213, 214, 215], "excluded_lines": []}, "calculate_grease_duct": {"executed_lines": [], "summary": {"covered_lines": 0, "num_statements": 8, "percent_covered": 0.0, "percent_covered_display": "0", "missing_lines": 8, "excluded_lines": 0}, "missing_lines": [222, 223, 226, 235, 236, 238, 239, 240], "excluded_lines": []}, "calculate_velocity_pressure": {"executed_lines": [], "summary": {"covered_lines": 0, "num_statements": 28, "percent_covered": 0.0, "percent_covered_display": "0", "missing_lines": 28, "excluded_lines": 0}, "missing_lines": [260, 261, 263, 264, 267, 268, 269, 270, 271, 274, 275, 276, 277, 285, 286, 287, 288, 289, 292, 303, 306, 334, 335, 341, 343, 345, 346, 347], "excluded_lines": []}, "calculate_velocity_from_pressure": {"executed_lines": [], "summary": {"covered_lines": 0, "num_statements": 15, "percent_covered": 0.0, "percent_covered_display": "0", "missing_lines": 15, "excluded_lines": 0}, "missing_lines": [365, 366, 368, 369, 372, 373, 374, 375, 383, 390, 403, 405, 407, 408, 409], "excluded_lines": []}, "calculate_enhanced_friction": {"executed_lines": [], "summary": {"covered_lines": 0, "num_statements": 33, "percent_covered": 0.0, "percent_covered_display": "0", "missing_lines": 33, "excluded_lines": 0}, "missing_lines": [434, 435, 438, 439, 440, 441, 444, 445, 446, 447, 448, 451, 452, 453, 454, 455, 458, 459, 460, 461, 462, 465, 466, 467, 468, 476, 490, 493, 519, 521, 523, 524, 525], "excluded_lines": []}, "get_advanced_calculators_info": {"executed_lines": [], "summary": {"covered_lines": 0, "num_statements": 6, "percent_covered": 0.0, "percent_covered_display": "0", "missing_lines": 6, "excluded_lines": 0}, "missing_lines": [533, 534, 570, 572, 573, 574], "excluded_lines": []}, "calculate_engine_exhaust": {"executed_lines": [], "summary": {"covered_lines": 0, "num_statements": 8, "percent_covered": 0.0, "percent_covered_display": "0", "missing_lines": 8, "excluded_lines": 0}, "missing_lines": [581, 582, 585, 594, 595, 597, 598, 599], "excluded_lines": []}, "calculate_boiler_vent": {"executed_lines": [], "summary": {"covered_lines": 0, "num_statements": 8, "percent_covered": 0.0, "percent_covered_display": "0", "missing_lines": 8, "excluded_lines": 0}, "missing_lines": [606, 607, 610, 619, 620, 622, 623, 624], "excluded_lines": []}, "calculate_estimate": {"executed_lines": [], "summary": {"covered_lines": 0, "num_statements": 8, "percent_covered": 0.0, "percent_covered_display": "0", "missing_lines": 8, "excluded_lines": 0}, "missing_lines": [631, 632, 635, 645, 646, 648, 649, 650], "excluded_lines": []}, "": {"executed_lines": [1, 7, 8, 9, 10, 13, 16, 19, 23, 27, 30, 31, 39, 41, 43, 44, 45, 97, 98, 121, 122, 140, 141, 184, 185, 217, 218, 243, 244, 350, 351, 412, 413, 528, 529, 576, 577, 601, 602, 626, 627], "summary": {"covered_lines": 40, "num_statements": 45, "percent_covered": 88.88888888888889, "percent_covered_display": "89", "missing_lines": 5, "excluded_lines": 0}, "missing_lines": [32, 34, 35, 36, 37], "excluded_lines": []}}, "classes": {"": {"executed_lines": [1, 7, 8, 9, 10, 13, 16, 19, 23, 27, 30, 31, 39, 41, 43, 44, 45, 97, 98, 121, 122, 140, 141, 184, 185, 217, 218, 243, 244, 350, 351, 412, 413, 528, 529, 576, 577, 601, 602, 626, 627], "summary": {"covered_lines": 40, "num_statements": 207, "percent_covered": 19.32367149758454, "percent_covered_display": "19", "missing_lines": 167, "excluded_lines": 0}, "missing_lines": [32, 34, 35, 36, 37, 59, 61, 62, 64, 65, 68, 71, 74, 84, 85, 86, 88, 91, 93, 94, 95, 100, 101, 103, 104, 106, 107, 109, 115, 117, 118, 119, 124, 125, 126, 128, 134, 136, 137, 138, 143, 145, 173, 178, 180, 181, 182, 187, 189, 211, 213, 214, 215, 222, 223, 226, 235, 236, 238, 239, 240, 260, 261, 263, 264, 267, 268, 269, 270, 271, 274, 275, 276, 277, 285, 286, 287, 288, 289, 292, 303, 306, 334, 335, 341, 343, 345, 346, 347, 365, 366, 368, 369, 372, 373, 374, 375, 383, 390, 403, 405, 407, 408, 409, 434, 435, 438, 439, 440, 441, 444, 445, 446, 447, 448, 451, 452, 453, 454, 455, 458, 459, 460, 461, 462, 465, 466, 467, 468, 476, 490, 493, 519, 521, 523, 524, 525, 533, 534, 570, 572, 573, 574, 581, 582, 585, 594, 595, 597, 598, 599, 606, 607, 610, 619, 620, 622, 623, 624, 631, 632, 635, 645, 646, 648, 649, 650], "excluded_lines": []}}}, "api\\compliance_routes.py": {"executed_lines": [1, 6, 7, 8, 9, 10, 11, 12, 14, 22, 25, 27, 28, 29, 45, 46, 47, 65, 66, 67, 82, 83, 84, 124, 125, 126, 165, 166, 167, 213, 214, 215, 241, 242, 243, 290, 291, 292, 341, 342, 343, 359, 374, 375, 378, 379, 382, 383], "summary": {"covered_lines": 47, "num_statements": 197, "percent_covered": 23.85786802030457, "percent_covered_display": "24", "missing_lines": 150, "excluded_lines": 0}, "missing_lines": [31, 33, 34, 35, 38, 40, 41, 42, 43, 49, 50, 51, 53, 54, 55, 56, 57, 59, 60, 61, 62, 63, 69, 70, 77, 78, 79, 80, 86, 88, 89, 90, 91, 94, 95, 98, 99, 100, 103, 106, 119, 120, 121, 122, 128, 129, 131, 132, 133, 134, 138, 139, 141, 144, 145, 146, 160, 161, 162, 163, 169, 170, 171, 173, 175, 176, 177, 179, 180, 181, 182, 183, 184, 185, 186, 189, 192, 193, 194, 208, 209, 210, 211, 217, 218, 221, 222, 223, 236, 237, 238, 239, 245, 246, 248, 249, 252, 253, 254, 255, 258, 259, 260, 261, 262, 265, 279, 281, 282, 284, 286, 287, 288, 294, 296, 297, 298, 299, 302, 303, 306, 307, 308, 311, 314, 315, 318, 319, 321, 322, 323, 324, 325, 326, 328, 330, 337, 338, 339, 345, 346, 354, 355, 356, 357, 361, 371, 376, 380, 384], "excluded_lines": [], "functions": {"get_compliance_dashboard": {"executed_lines": [], "summary": {"covered_lines": 0, "num_statements": 9, "percent_covered": 0.0, "percent_covered_display": "0", "missing_lines": 9, "excluded_lines": 0}, "missing_lines": [31, 33, 34, 35, 38, 40, 41, 42, 43], "excluded_lines": []}, "get_compliance_status": {"executed_lines": [], "summary": {"covered_lines": 0, "num_statements": 13, "percent_covered": 0.0, "percent_covered_display": "0", "missing_lines": 13, "excluded_lines": 0}, "missing_lines": [49, 50, 51, 53, 54, 55, 56, 57, 59, 60, 61, 62, 63], "excluded_lines": []}, "get_supported_frameworks": {"executed_lines": [], "summary": {"covered_lines": 0, "num_statements": 6, "percent_covered": 0.0, "percent_covered_display": "0", "missing_lines": 6, "excluded_lines": 0}, "missing_lines": [69, 70, 77, 78, 79, 80], "excluded_lines": []}, "conduct_assessment": {"executed_lines": [], "summary": {"covered_lines": 0, "num_statements": 16, "percent_covered": 0.0, "percent_covered_display": "0", "missing_lines": 16, "excluded_lines": 0}, "missing_lines": [86, 88, 89, 90, 91, 94, 95, 98, 99, 100, 103, 106, 119, 120, 121, 122], "excluded_lines": []}, "get_requirements": {"executed_lines": [], "summary": {"covered_lines": 0, "num_statements": 16, "percent_covered": 0.0, "percent_covered_display": "0", "missing_lines": 16, "excluded_lines": 0}, "missing_lines": [128, 129, 131, 132, 133, 134, 138, 139, 141, 144, 145, 146, 160, 161, 162, 163], "excluded_lines": []}, "get_assessments": {"executed_lines": [], "summary": {"covered_lines": 0, "num_statements": 23, "percent_covered": 0.0, "percent_covered_display": "0", "missing_lines": 23, "excluded_lines": 0}, "missing_lines": [169, 170, 171, 173, 175, 176, 177, 179, 180, 181, 182, 183, 184, 185, 186, 189, 192, 193, 194, 208, 209, 210, 211], "excluded_lines": []}, "get_data_governance_policies": {"executed_lines": [], "summary": {"covered_lines": 0, "num_statements": 9, "percent_covered": 0.0, "percent_covered_display": "0", "missing_lines": 9, "excluded_lines": 0}, "missing_lines": [217, 218, 221, 222, 223, 236, 237, 238, 239], "excluded_lines": []}, "create_data_governance_policy": {"executed_lines": [], "summary": {"covered_lines": 0, "num_statements": 21, "percent_covered": 0.0, "percent_covered_display": "0", "missing_lines": 21, "excluded_lines": 0}, "missing_lines": [245, 246, 248, 249, 252, 253, 254, 255, 258, 259, 260, 261, 262, 265, 279, 281, 282, 284, 286, 287, 288], "excluded_lines": []}, "export_compliance_report": {"executed_lines": [], "summary": {"covered_lines": 0, "num_statements": 26, "percent_covered": 0.0, "percent_covered_display": "0", "missing_lines": 26, "excluded_lines": 0}, "missing_lines": [294, 296, 297, 298, 299, 302, 303, 306, 307, 308, 311, 314, 315, 318, 319, 321, 322, 323, 324, 325, 326, 328, 330, 337, 338, 339], "excluded_lines": []}, "health_check": {"executed_lines": [], "summary": {"covered_lines": 0, "num_statements": 6, "percent_covered": 0.0, "percent_covered_display": "0", "missing_lines": 6, "excluded_lines": 0}, "missing_lines": [345, 346, 354, 355, 356, 357], "excluded_lines": []}, "get_framework_description": {"executed_lines": [], "summary": {"covered_lines": 0, "num_statements": 2, "percent_covered": 0.0, "percent_covered_display": "0", "missing_lines": 2, "excluded_lines": 0}, "missing_lines": [361, 371], "excluded_lines": []}, "not_found": {"executed_lines": [], "summary": {"covered_lines": 0, "num_statements": 1, "percent_covered": 0.0, "percent_covered_display": "0", "missing_lines": 1, "excluded_lines": 0}, "missing_lines": [376], "excluded_lines": []}, "method_not_allowed": {"executed_lines": [], "summary": {"covered_lines": 0, "num_statements": 1, "percent_covered": 0.0, "percent_covered_display": "0", "missing_lines": 1, "excluded_lines": 0}, "missing_lines": [380], "excluded_lines": []}, "internal_error": {"executed_lines": [], "summary": {"covered_lines": 0, "num_statements": 1, "percent_covered": 0.0, "percent_covered_display": "0", "missing_lines": 1, "excluded_lines": 0}, "missing_lines": [384], "excluded_lines": []}, "": {"executed_lines": [1, 6, 7, 8, 9, 10, 11, 12, 14, 22, 25, 27, 28, 29, 45, 46, 47, 65, 66, 67, 82, 83, 84, 124, 125, 126, 165, 166, 167, 213, 214, 215, 241, 242, 243, 290, 291, 292, 341, 342, 343, 359, 374, 375, 378, 379, 382, 383], "summary": {"covered_lines": 47, "num_statements": 47, "percent_covered": 100.0, "percent_covered_display": "100", "missing_lines": 0, "excluded_lines": 0}, "missing_lines": [], "excluded_lines": []}}, "classes": {"": {"executed_lines": [1, 6, 7, 8, 9, 10, 11, 12, 14, 22, 25, 27, 28, 29, 45, 46, 47, 65, 66, 67, 82, 83, 84, 124, 125, 126, 165, 166, 167, 213, 214, 215, 241, 242, 243, 290, 291, 292, 341, 342, 343, 359, 374, 375, 378, 379, 382, 383], "summary": {"covered_lines": 47, "num_statements": 197, "percent_covered": 23.85786802030457, "percent_covered_display": "24", "missing_lines": 150, "excluded_lines": 0}, "missing_lines": [31, 33, 34, 35, 38, 40, 41, 42, 43, 49, 50, 51, 53, 54, 55, 56, 57, 59, 60, 61, 62, 63, 69, 70, 77, 78, 79, 80, 86, 88, 89, 90, 91, 94, 95, 98, 99, 100, 103, 106, 119, 120, 121, 122, 128, 129, 131, 132, 133, 134, 138, 139, 141, 144, 145, 146, 160, 161, 162, 163, 169, 170, 171, 173, 175, 176, 177, 179, 180, 181, 182, 183, 184, 185, 186, 189, 192, 193, 194, 208, 209, 210, 211, 217, 218, 221, 222, 223, 236, 237, 238, 239, 245, 246, 248, 249, 252, 253, 254, 255, 258, 259, 260, 261, 262, 265, 279, 281, 282, 284, 286, 287, 288, 294, 296, 297, 298, 299, 302, 303, 306, 307, 308, 311, 314, 315, 318, 319, 321, 322, 323, 324, 325, 326, 328, 330, 337, 338, 339, 345, 346, 354, 355, 356, 357, 361, 371, 376, 380, 384], "excluded_lines": []}}}, "api\\exports.py": {"executed_lines": [1, 7, 8, 9, 10, 11, 13, 15, 17, 18, 56, 57, 84, 85, 112, 113, 159, 160], "summary": {"covered_lines": 17, "num_statements": 59, "percent_covered": 28.8135593220339, "percent_covered_display": "29", "missing_lines": 42, "excluded_lines": 0}, "missing_lines": [29, 30, 35, 36, 39, 49, 50, 52, 53, 54, 61, 62, 66, 68, 77, 78, 80, 81, 82, 89, 90, 94, 96, 105, 106, 108, 109, 110, 117, 118, 120, 121, 124, 143, 145, 152, 153, 155, 156, 157, 164, 195], "excluded_lines": [], "functions": {"export_pdf": {"executed_lines": [], "summary": {"covered_lines": 0, "num_statements": 10, "percent_covered": 0.0, "percent_covered_display": "0", "missing_lines": 10, "excluded_lines": 0}, "missing_lines": [29, 30, 35, 36, 39, 49, 50, 52, 53, 54], "excluded_lines": []}, "export_excel": {"executed_lines": [], "summary": {"covered_lines": 0, "num_statements": 9, "percent_covered": 0.0, "percent_covered_display": "0", "missing_lines": 9, "excluded_lines": 0}, "missing_lines": [61, 62, 66, 68, 77, 78, 80, 81, 82], "excluded_lines": []}, "export_csv": {"executed_lines": [], "summary": {"covered_lines": 0, "num_statements": 9, "percent_covered": 0.0, "percent_covered_display": "0", "missing_lines": 9, "excluded_lines": 0}, "missing_lines": [89, 90, 94, 96, 105, 106, 108, 109, 110], "excluded_lines": []}, "export_json": {"executed_lines": [], "summary": {"covered_lines": 0, "num_statements": 12, "percent_covered": 0.0, "percent_covered_display": "0", "missing_lines": 12, "excluded_lines": 0}, "missing_lines": [117, 118, 120, 121, 124, 143, 145, 152, 153, 155, 156, 157], "excluded_lines": []}, "get_export_formats": {"executed_lines": [], "summary": {"covered_lines": 0, "num_statements": 2, "percent_covered": 0.0, "percent_covered_display": "0", "missing_lines": 2, "excluded_lines": 0}, "missing_lines": [164, 195], "excluded_lines": []}, "": {"executed_lines": [1, 7, 8, 9, 10, 11, 13, 15, 17, 18, 56, 57, 84, 85, 112, 113, 159, 160], "summary": {"covered_lines": 17, "num_statements": 17, "percent_covered": 100.0, "percent_covered_display": "100", "missing_lines": 0, "excluded_lines": 0}, "missing_lines": [], "excluded_lines": []}}, "classes": {"": {"executed_lines": [1, 7, 8, 9, 10, 11, 13, 15, 17, 18, 56, 57, 84, 85, 112, 113, 159, 160], "summary": {"covered_lines": 17, "num_statements": 59, "percent_covered": 28.8135593220339, "percent_covered_display": "29", "missing_lines": 42, "excluded_lines": 0}, "missing_lines": [29, 30, 35, 36, 39, 49, 50, 52, 53, 54, 61, 62, 66, 68, 77, 78, 80, 81, 82, 89, 90, 94, 96, 105, 106, 108, 109, 110, 117, 118, 120, 121, 124, 143, 145, 152, 153, 155, 156, 157, 164, 195], "excluded_lines": []}}}, "api\\mongodb_api.py": {"executed_lines": [1, 8, 9, 10, 11, 12, 14, 16, 18, 27, 28, 48, 49, 66, 67, 89, 90, 107, 108, 128, 129, 144, 145, 165, 166, 180, 181, 201, 202, 217, 218, 240, 241, 255, 256], "summary": {"covered_lines": 34, "num_statements": 148, "percent_covered": 22.972972972972972, "percent_covered_display": "23", "missing_lines": 114, "excluded_lines": 0}, "missing_lines": [20, 21, 22, 23, 25, 30, 31, 33, 34, 36, 38, 44, 45, 46, 51, 52, 54, 55, 57, 62, 63, 64, 69, 70, 72, 73, 75, 77, 78, 80, 85, 86, 87, 92, 93, 95, 96, 98, 103, 104, 105, 110, 111, 113, 114, 116, 118, 124, 125, 126, 131, 132, 133, 135, 140, 141, 142, 147, 148, 150, 151, 153, 155, 161, 162, 163, 168, 169, 171, 176, 177, 178, 183, 184, 186, 187, 189, 191, 197, 198, 199, 204, 205, 206, 208, 213, 214, 215, 220, 221, 223, 224, 226, 228, 229, 231, 236, 237, 238, 243, 244, 246, 251, 252, 253, 258, 260, 261, 262, 263, 265, 271, 272, 273], "excluded_lines": [], "functions": {"run_async": {"executed_lines": [], "summary": {"covered_lines": 0, "num_statements": 5, "percent_covered": 0.0, "percent_covered_display": "0", "missing_lines": 5, "excluded_lines": 0}, "missing_lines": [20, 21, 22, 23, 25], "excluded_lines": []}, "create_project": {"executed_lines": [], "summary": {"covered_lines": 0, "num_statements": 9, "percent_covered": 0.0, "percent_covered_display": "0", "missing_lines": 9, "excluded_lines": 0}, "missing_lines": [30, 31, 33, 34, 36, 38, 44, 45, 46], "excluded_lines": []}, "get_project": {"executed_lines": [], "summary": {"covered_lines": 0, "num_statements": 8, "percent_covered": 0.0, "percent_covered_display": "0", "missing_lines": 8, "excluded_lines": 0}, "missing_lines": [51, 52, 54, 55, 57, 62, 63, 64], "excluded_lines": []}, "update_project": {"executed_lines": [], "summary": {"covered_lines": 0, "num_statements": 11, "percent_covered": 0.0, "percent_covered_display": "0", "missing_lines": 11, "excluded_lines": 0}, "missing_lines": [69, 70, 72, 73, 75, 77, 78, 80, 85, 86, 87], "excluded_lines": []}, "delete_project": {"executed_lines": [], "summary": {"covered_lines": 0, "num_statements": 8, "percent_covered": 0.0, "percent_covered_display": "0", "missing_lines": 8, "excluded_lines": 0}, "missing_lines": [92, 93, 95, 96, 98, 103, 104, 105], "excluded_lines": []}, "save_spatial_data": {"executed_lines": [], "summary": {"covered_lines": 0, "num_statements": 9, "percent_covered": 0.0, "percent_covered_display": "0", "missing_lines": 9, "excluded_lines": 0}, "missing_lines": [110, 111, 113, 114, 116, 118, 124, 125, 126], "excluded_lines": []}, "get_spatial_data": {"executed_lines": [], "summary": {"covered_lines": 0, "num_statements": 7, "percent_covered": 0.0, "percent_covered_display": "0", "missing_lines": 7, "excluded_lines": 0}, "missing_lines": [131, 132, 133, 135, 140, 141, 142], "excluded_lines": []}, "save_hvac_system": {"executed_lines": [], "summary": {"covered_lines": 0, "num_statements": 9, "percent_covered": 0.0, "percent_covered_display": "0", "missing_lines": 9, "excluded_lines": 0}, "missing_lines": [147, 148, 150, 151, 153, 155, 161, 162, 163], "excluded_lines": []}, "get_hvac_systems": {"executed_lines": [], "summary": {"covered_lines": 0, "num_statements": 6, "percent_covered": 0.0, "percent_covered_display": "0", "missing_lines": 6, "excluded_lines": 0}, "missing_lines": [168, 169, 171, 176, 177, 178], "excluded_lines": []}, "save_calculation_result": {"executed_lines": [], "summary": {"covered_lines": 0, "num_statements": 9, "percent_covered": 0.0, "percent_covered_display": "0", "missing_lines": 9, "excluded_lines": 0}, "missing_lines": [183, 184, 186, 187, 189, 191, 197, 198, 199], "excluded_lines": []}, "get_calculation_results": {"executed_lines": [], "summary": {"covered_lines": 0, "num_statements": 7, "percent_covered": 0.0, "percent_covered_display": "0", "missing_lines": 7, "excluded_lines": 0}, "missing_lines": [204, 205, 206, 208, 213, 214, 215], "excluded_lines": []}, "save_user_preferences": {"executed_lines": [], "summary": {"covered_lines": 0, "num_statements": 11, "percent_covered": 0.0, "percent_covered_display": "0", "missing_lines": 11, "excluded_lines": 0}, "missing_lines": [220, 221, 223, 224, 226, 228, 229, 231, 236, 237, 238], "excluded_lines": []}, "get_user_preferences": {"executed_lines": [], "summary": {"covered_lines": 0, "num_statements": 6, "percent_covered": 0.0, "percent_covered_display": "0", "missing_lines": 6, "excluded_lines": 0}, "missing_lines": [243, 244, 246, 251, 252, 253], "excluded_lines": []}, "mongodb_health": {"executed_lines": [], "summary": {"covered_lines": 0, "num_statements": 9, "percent_covered": 0.0, "percent_covered_display": "0", "missing_lines": 9, "excluded_lines": 0}, "missing_lines": [258, 260, 261, 262, 263, 265, 271, 272, 273], "excluded_lines": []}, "": {"executed_lines": [1, 8, 9, 10, 11, 12, 14, 16, 18, 27, 28, 48, 49, 66, 67, 89, 90, 107, 108, 128, 129, 144, 145, 165, 166, 180, 181, 201, 202, 217, 218, 240, 241, 255, 256], "summary": {"covered_lines": 34, "num_statements": 34, "percent_covered": 100.0, "percent_covered_display": "100", "missing_lines": 0, "excluded_lines": 0}, "missing_lines": [], "excluded_lines": []}}, "classes": {"": {"executed_lines": [1, 8, 9, 10, 11, 12, 14, 16, 18, 27, 28, 48, 49, 66, 67, 89, 90, 107, 108, 128, 129, 144, 145, 165, 166, 180, 181, 201, 202, 217, 218, 240, 241, 255, 256], "summary": {"covered_lines": 34, "num_statements": 148, "percent_covered": 22.972972972972972, "percent_covered_display": "23", "missing_lines": 114, "excluded_lines": 0}, "missing_lines": [20, 21, 22, 23, 25, 30, 31, 33, 34, 36, 38, 44, 45, 46, 51, 52, 54, 55, 57, 62, 63, 64, 69, 70, 72, 73, 75, 77, 78, 80, 85, 86, 87, 92, 93, 95, 96, 98, 103, 104, 105, 110, 111, 113, 114, 116, 118, 124, 125, 126, 131, 132, 133, 135, 140, 141, 142, 147, 148, 150, 151, 153, 155, 161, 162, 163, 168, 169, 171, 176, 177, 178, 183, 184, 186, 187, 189, 191, 197, 198, 199, 204, 205, 206, 208, 213, 214, 215, 220, 221, 223, 224, 226, 228, 229, 231, 236, 237, 238, 243, 244, 246, 251, 252, 253, 258, 260, 261, 262, 263, 265, 271, 272, 273], "excluded_lines": []}}}, "api\\validation.py": {"executed_lines": [1, 7, 8, 10, 12, 14, 15, 58, 59, 86, 87, 114, 115], "summary": {"covered_lines": 12, "num_statements": 44, "percent_covered": 27.272727272727273, "percent_covered_display": "27", "missing_lines": 32, "excluded_lines": 0}, "missing_lines": [27, 28, 31, 51, 52, 54, 55, 56, 63, 64, 67, 79, 80, 82, 83, 84, 91, 92, 95, 107, 108, 110, 111, 112, 119, 120, 123, 132, 133, 135, 136, 137], "excluded_lines": [], "functions": {"validate_smacna": {"executed_lines": [], "summary": {"covered_lines": 0, "num_statements": 8, "percent_covered": 0.0, "percent_covered_display": "0", "missing_lines": 8, "excluded_lines": 0}, "missing_lines": [27, 28, 31, 51, 52, 54, 55, 56], "excluded_lines": []}, "validate_nfpa": {"executed_lines": [], "summary": {"covered_lines": 0, "num_statements": 8, "percent_covered": 0.0, "percent_covered_display": "0", "missing_lines": 8, "excluded_lines": 0}, "missing_lines": [63, 64, 67, 79, 80, 82, 83, 84], "excluded_lines": []}, "validate_ashrae": {"executed_lines": [], "summary": {"covered_lines": 0, "num_statements": 8, "percent_covered": 0.0, "percent_covered_display": "0", "missing_lines": 8, "excluded_lines": 0}, "missing_lines": [91, 92, 95, 107, 108, 110, 111, 112], "excluded_lines": []}, "validate_units": {"executed_lines": [], "summary": {"covered_lines": 0, "num_statements": 8, "percent_covered": 0.0, "percent_covered_display": "0", "missing_lines": 8, "excluded_lines": 0}, "missing_lines": [119, 120, 123, 132, 133, 135, 136, 137], "excluded_lines": []}, "": {"executed_lines": [1, 7, 8, 10, 12, 14, 15, 58, 59, 86, 87, 114, 115], "summary": {"covered_lines": 12, "num_statements": 12, "percent_covered": 100.0, "percent_covered_display": "100", "missing_lines": 0, "excluded_lines": 0}, "missing_lines": [], "excluded_lines": []}}, "classes": {"": {"executed_lines": [1, 7, 8, 10, 12, 14, 15, 58, 59, 86, 87, 114, 115], "summary": {"covered_lines": 12, "num_statements": 44, "percent_covered": 27.272727272727273, "percent_covered_display": "27", "missing_lines": 32, "excluded_lines": 0}, "missing_lines": [27, 28, 31, 51, 52, 54, 55, 56, 63, 64, 67, 79, 80, 82, 83, 84, 91, 92, 95, 107, 108, 110, 111, 112, 119, 120, 123, 132, 133, 135, 136, 137], "excluded_lines": []}}}, "app.py": {"executed_lines": [1, 8, 9, 10, 11, 12, 13, 14, 15, 16, 17, 18, 19, 20, 23, 26, 29, 47, 49, 51, 54, 58, 59, 60, 63, 64, 65, 66, 69, 71, 74, 75, 78, 79, 80, 81, 82, 90, 91, 92, 93, 95, 96, 97, 98, 101, 187], "summary": {"covered_lines": 46, "num_statements": 95, "percent_covered": 48.421052631578945, "percent_covered_display": "48", "missing_lines": 49, "excluded_lines": 1}, "missing_lines": [86, 87, 102, 104, 106, 107, 108, 109, 110, 111, 112, 115, 116, 118, 119, 121, 122, 123, 124, 125, 126, 127, 129, 137, 138, 140, 161, 162, 164, 165, 169, 170, 171, 172, 174, 175, 176, 177, 179, 180, 181, 182, 184, 185, 188, 189, 190, 192, 193], "excluded_lines": [166], "functions": {"create_app": {"executed_lines": [51, 54, 58, 59, 60, 63, 64, 65, 66, 69, 71, 74, 75, 78, 79, 80, 81, 82, 90, 91, 92, 93, 95, 96, 97, 98, 101], "summary": {"covered_lines": 27, "num_statements": 44, "percent_covered": 61.36363636363637, "percent_covered_display": "61", "missing_lines": 17, "excluded_lines": 0}, "missing_lines": [86, 87, 102, 115, 116, 137, 138, 161, 162, 169, 170, 174, 175, 179, 180, 184, 185], "excluded_lines": []}, "create_app.initialize_mongodb": {"executed_lines": [], "summary": {"covered_lines": 0, "num_statements": 8, "percent_covered": 0.0, "percent_covered_display": "0", "missing_lines": 8, "excluded_lines": 0}, "missing_lines": [104, 106, 107, 108, 109, 110, 111, 112], "excluded_lines": []}, "create_app.health_check": {"executed_lines": [], "summary": {"covered_lines": 0, "num_statements": 10, "percent_covered": 0.0, "percent_covered_display": "0", "missing_lines": 10, "excluded_lines": 0}, "missing_lines": [118, 119, 121, 122, 123, 124, 125, 126, 127, 129], "excluded_lines": []}, "create_app.api_info": {"executed_lines": [], "summary": {"covered_lines": 0, "num_statements": 1, "percent_covered": 0.0, "percent_covered_display": "0", "missing_lines": 1, "excluded_lines": 0}, "missing_lines": [140], "excluded_lines": []}, "create_app.sentry_debug": {"executed_lines": [], "summary": {"covered_lines": 0, "num_statements": 2, "percent_covered": 0.0, "percent_covered_display": "0", "missing_lines": 2, "excluded_lines": 1}, "missing_lines": [164, 165], "excluded_lines": [166]}, "create_app.bad_request": {"executed_lines": [], "summary": {"covered_lines": 0, "num_statements": 2, "percent_covered": 0.0, "percent_covered_display": "0", "missing_lines": 2, "excluded_lines": 0}, "missing_lines": [171, 172], "excluded_lines": []}, "create_app.not_found": {"executed_lines": [], "summary": {"covered_lines": 0, "num_statements": 2, "percent_covered": 0.0, "percent_covered_display": "0", "missing_lines": 2, "excluded_lines": 0}, "missing_lines": [176, 177], "excluded_lines": []}, "create_app.internal_error": {"executed_lines": [], "summary": {"covered_lines": 0, "num_statements": 2, "percent_covered": 0.0, "percent_covered_display": "0", "missing_lines": 2, "excluded_lines": 0}, "missing_lines": [181, 182], "excluded_lines": []}, "": {"executed_lines": [1, 8, 9, 10, 11, 12, 13, 14, 15, 16, 17, 18, 19, 20, 23, 26, 29, 47, 49, 187], "summary": {"covered_lines": 19, "num_statements": 24, "percent_covered": 79.16666666666667, "percent_covered_display": "79", "missing_lines": 5, "excluded_lines": 0}, "missing_lines": [188, 189, 190, 192, 193], "excluded_lines": []}}, "classes": {"": {"executed_lines": [1, 8, 9, 10, 11, 12, 13, 14, 15, 16, 17, 18, 19, 20, 23, 26, 29, 47, 49, 51, 54, 58, 59, 60, 63, 64, 65, 66, 69, 71, 74, 75, 78, 79, 80, 81, 82, 90, 91, 92, 93, 95, 96, 97, 98, 101, 187], "summary": {"covered_lines": 46, "num_statements": 95, "percent_covered": 48.421052631578945, "percent_covered_display": "48", "missing_lines": 49, "excluded_lines": 1}, "missing_lines": [86, 87, 102, 104, 106, 107, 108, 109, 110, 111, 112, 115, 116, 118, 119, 121, 122, 123, 124, 125, 126, 127, 129, 137, 138, 140, 161, 162, 164, 165, 169, 170, 171, 172, 174, 175, 176, 177, 179, 180, 181, 182, 184, 185, 188, 189, 190, 192, 193], "excluded_lines": [166]}}}, "compliance\\compliance_management_system.py": {"executed_lines": [1, 6, 7, 8, 9, 10, 11, 12, 13, 14, 17, 18, 20, 21, 22, 23, 24, 25, 26, 27, 28, 29, 31, 32, 33, 34, 35, 36, 37, 39, 40, 41, 42, 43, 44, 45, 46, 48, 49, 50, 51, 52, 53, 54, 55, 56, 57, 58, 59, 60, 61, 63, 64, 65, 66, 67, 68, 69, 70, 71, 72, 73, 74, 75, 76, 78, 79, 80, 81, 82, 83, 84, 85, 86, 87, 88, 89, 90, 92, 93, 94, 95, 96, 97, 98, 99, 100, 101, 102, 103, 104, 106, 107, 109, 110, 118, 120, 123, 165, 167, 168, 170, 171, 182, 184, 186, 228, 230, 231, 233, 234, 240, 242, 244, 273, 275, 276, 278, 279, 280, 281, 282, 285, 286, 287, 288, 290, 291, 293, 295, 297, 298, 299, 300, 302, 303, 305, 307, 309, 336, 337, 339, 359, 404, 438, 465, 469, 479, 536, 557], "summary": {"covered_lines": 138, "num_statements": 223, "percent_covered": 61.88340807174888, "percent_covered_display": "62", "missing_lines": 85, "excluded_lines": 0}, "missing_lines": [341, 343, 344, 346, 348, 349, 350, 353, 354, 356, 357, 362, 365, 366, 367, 369, 370, 371, 373, 374, 376, 377, 378, 380, 381, 382, 383, 384, 385, 386, 388, 402, 406, 407, 409, 411, 412, 414, 415, 416, 417, 420, 421, 423, 436, 440, 441, 442, 443, 444, 454, 455, 457, 467, 471, 472, 473, 474, 475, 476, 477, 481, 490, 491, 492, 493, 496, 502, 515, 516, 517, 520, 525, 534, 538, 539, 540, 542, 544, 545, 546, 548, 549, 551, 553], "excluded_lines": [], "functions": {"SOC2ComplianceManager.__init__": {"executed_lines": [110], "summary": {"covered_lines": 1, "num_statements": 1, "percent_covered": 100.0, "percent_covered_display": "100", "missing_lines": 0, "excluded_lines": 0}, "missing_lines": [], "excluded_lines": []}, "SOC2ComplianceManager.get_requirements": {"executed_lines": [120, 123, 165], "summary": {"covered_lines": 3, "num_statements": 3, "percent_covered": 100.0, "percent_covered_display": "100", "missing_lines": 0, "excluded_lines": 0}, "missing_lines": [], "excluded_lines": []}, "GDPRComplianceManager.__init__": {"executed_lines": [171], "summary": {"covered_lines": 1, "num_statements": 1, "percent_covered": 100.0, "percent_covered_display": "100", "missing_lines": 0, "excluded_lines": 0}, "missing_lines": [], "excluded_lines": []}, "GDPRComplianceManager.get_requirements": {"executed_lines": [184, 186, 228], "summary": {"covered_lines": 3, "num_statements": 3, "percent_covered": 100.0, "percent_covered_display": "100", "missing_lines": 0, "excluded_lines": 0}, "missing_lines": [], "excluded_lines": []}, "HIPAAComplianceManager.__init__": {"executed_lines": [234], "summary": {"covered_lines": 1, "num_statements": 1, "percent_covered": 100.0, "percent_covered_display": "100", "missing_lines": 0, "excluded_lines": 0}, "missing_lines": [], "excluded_lines": []}, "HIPAAComplianceManager.get_requirements": {"executed_lines": [242, 244, 273], "summary": {"covered_lines": 3, "num_statements": 3, "percent_covered": 100.0, "percent_covered_display": "100", "missing_lines": 0, "excluded_lines": 0}, "missing_lines": [], "excluded_lines": []}, "ComplianceManagementSystem.__init__": {"executed_lines": [279, 280, 281, 282, 285, 286, 287, 288, 290, 291, 293], "summary": {"covered_lines": 11, "num_statements": 11, "percent_covered": 100.0, "percent_covered_display": "100", "missing_lines": 0, "excluded_lines": 0}, "missing_lines": [], "excluded_lines": []}, "ComplianceManagementSystem._initialize_requirements": {"executed_lines": [297, 298, 299, 300, 302, 303, 305], "summary": {"covered_lines": 7, "num_statements": 7, "percent_covered": 100.0, "percent_covered_display": "100", "missing_lines": 0, "excluded_lines": 0}, "missing_lines": [], "excluded_lines": []}, "ComplianceManagementSystem._initialize_default_policies": {"executed_lines": [309, 336, 337], "summary": {"covered_lines": 3, "num_statements": 3, "percent_covered": 100.0, "percent_covered_display": "100", "missing_lines": 0, "excluded_lines": 0}, "missing_lines": [], "excluded_lines": []}, "ComplianceManagementSystem.conduct_assessment": {"executed_lines": [], "summary": {"covered_lines": 0, "num_statements": 11, "percent_covered": 0.0, "percent_covered_display": "0", "missing_lines": 11, "excluded_lines": 0}, "missing_lines": [341, 343, 344, 346, 348, 349, 350, 353, 354, 356, 357], "excluded_lines": []}, "ComplianceManagementSystem._assess_requirement": {"executed_lines": [], "summary": {"covered_lines": 0, "num_statements": 21, "percent_covered": 0.0, "percent_covered_display": "0", "missing_lines": 21, "excluded_lines": 0}, "missing_lines": [362, 365, 366, 367, 369, 370, 371, 373, 374, 376, 377, 378, 380, 381, 382, 383, 384, 385, 386, 388, 402], "excluded_lines": []}, "ComplianceManagementSystem._generate_compliance_report": {"executed_lines": [], "summary": {"covered_lines": 0, "num_statements": 13, "percent_covered": 0.0, "percent_covered_display": "0", "missing_lines": 13, "excluded_lines": 0}, "missing_lines": [406, 407, 409, 411, 412, 414, 415, 416, 417, 420, 421, 423, 436], "excluded_lines": []}, "ComplianceManagementSystem.get_compliance_status": {"executed_lines": [], "summary": {"covered_lines": 0, "num_statements": 8, "percent_covered": 0.0, "percent_covered_display": "0", "missing_lines": 8, "excluded_lines": 0}, "missing_lines": [440, 441, 442, 443, 444, 454, 455, 457], "excluded_lines": []}, "ComplianceManagementSystem.get_data_governance_policies": {"executed_lines": [], "summary": {"covered_lines": 0, "num_statements": 1, "percent_covered": 0.0, "percent_covered_display": "0", "missing_lines": 1, "excluded_lines": 0}, "missing_lines": [467], "excluded_lines": []}, "ComplianceManagementSystem.create_data_governance_policy": {"executed_lines": [], "summary": {"covered_lines": 0, "num_statements": 7, "percent_covered": 0.0, "percent_covered_display": "0", "missing_lines": 7, "excluded_lines": 0}, "missing_lines": [471, 472, 473, 474, 475, 476, 477], "excluded_lines": []}, "ComplianceManagementSystem.generate_compliance_dashboard_data": {"executed_lines": [], "summary": {"covered_lines": 0, "num_statements": 13, "percent_covered": 0.0, "percent_covered_display": "0", "missing_lines": 13, "excluded_lines": 0}, "missing_lines": [481, 490, 491, 492, 493, 496, 502, 515, 516, 517, 520, 525, 534], "excluded_lines": []}, "ComplianceManagementSystem.export_compliance_report": {"executed_lines": [], "summary": {"covered_lines": 0, "num_statements": 11, "percent_covered": 0.0, "percent_covered_display": "0", "missing_lines": 11, "excluded_lines": 0}, "missing_lines": [538, 539, 540, 542, 544, 545, 546, 548, 549, 551, 553], "excluded_lines": []}, "": {"executed_lines": [1, 6, 7, 8, 9, 10, 11, 12, 13, 14, 17, 18, 20, 21, 22, 23, 24, 25, 26, 27, 28, 29, 31, 32, 33, 34, 35, 36, 37, 39, 40, 41, 42, 43, 44, 45, 46, 48, 49, 50, 51, 52, 53, 54, 55, 56, 57, 58, 59, 60, 61, 63, 64, 65, 66, 67, 68, 69, 70, 71, 72, 73, 74, 75, 76, 78, 79, 80, 81, 82, 83, 84, 85, 86, 87, 88, 89, 90, 92, 93, 94, 95, 96, 97, 98, 99, 100, 101, 102, 103, 104, 106, 107, 109, 118, 167, 168, 170, 182, 230, 231, 233, 240, 275, 276, 278, 295, 307, 339, 359, 404, 438, 465, 469, 479, 536, 557], "summary": {"covered_lines": 105, "num_statements": 105, "percent_covered": 100.0, "percent_covered_display": "100", "missing_lines": 0, "excluded_lines": 0}, "missing_lines": [], "excluded_lines": []}}, "classes": {"ComplianceFramework": {"executed_lines": [], "summary": {"covered_lines": 0, "num_statements": 0, "percent_covered": 100.0, "percent_covered_display": "100", "missing_lines": 0, "excluded_lines": 0}, "missing_lines": [], "excluded_lines": []}, "ComplianceStatus": {"executed_lines": [], "summary": {"covered_lines": 0, "num_statements": 0, "percent_covered": 100.0, "percent_covered_display": "100", "missing_lines": 0, "excluded_lines": 0}, "missing_lines": [], "excluded_lines": []}, "DataClassification": {"executed_lines": [], "summary": {"covered_lines": 0, "num_statements": 0, "percent_covered": 100.0, "percent_covered_display": "100", "missing_lines": 0, "excluded_lines": 0}, "missing_lines": [], "excluded_lines": []}, "ComplianceRequirement": {"executed_lines": [], "summary": {"covered_lines": 0, "num_statements": 0, "percent_covered": 100.0, "percent_covered_display": "100", "missing_lines": 0, "excluded_lines": 0}, "missing_lines": [], "excluded_lines": []}, "ComplianceAssessment": {"executed_lines": [], "summary": {"covered_lines": 0, "num_statements": 0, "percent_covered": 100.0, "percent_covered_display": "100", "missing_lines": 0, "excluded_lines": 0}, "missing_lines": [], "excluded_lines": []}, "DataGovernancePolicy": {"executed_lines": [], "summary": {"covered_lines": 0, "num_statements": 0, "percent_covered": 100.0, "percent_covered_display": "100", "missing_lines": 0, "excluded_lines": 0}, "missing_lines": [], "excluded_lines": []}, "ComplianceReport": {"executed_lines": [], "summary": {"covered_lines": 0, "num_statements": 0, "percent_covered": 100.0, "percent_covered_display": "100", "missing_lines": 0, "excluded_lines": 0}, "missing_lines": [], "excluded_lines": []}, "SOC2ComplianceManager": {"executed_lines": [110, 120, 123, 165], "summary": {"covered_lines": 4, "num_statements": 4, "percent_covered": 100.0, "percent_covered_display": "100", "missing_lines": 0, "excluded_lines": 0}, "missing_lines": [], "excluded_lines": []}, "GDPRComplianceManager": {"executed_lines": [171, 184, 186, 228], "summary": {"covered_lines": 4, "num_statements": 4, "percent_covered": 100.0, "percent_covered_display": "100", "missing_lines": 0, "excluded_lines": 0}, "missing_lines": [], "excluded_lines": []}, "HIPAAComplianceManager": {"executed_lines": [234, 242, 244, 273], "summary": {"covered_lines": 4, "num_statements": 4, "percent_covered": 100.0, "percent_covered_display": "100", "missing_lines": 0, "excluded_lines": 0}, "missing_lines": [], "excluded_lines": []}, "ComplianceManagementSystem": {"executed_lines": [279, 280, 281, 282, 285, 286, 287, 288, 290, 291, 293, 297, 298, 299, 300, 302, 303, 305, 309, 336, 337], "summary": {"covered_lines": 21, "num_statements": 106, "percent_covered": 19.81132075471698, "percent_covered_display": "20", "missing_lines": 85, "excluded_lines": 0}, "missing_lines": [341, 343, 344, 346, 348, 349, 350, 353, 354, 356, 357, 362, 365, 366, 367, 369, 370, 371, 373, 374, 376, 377, 378, 380, 381, 382, 383, 384, 385, 386, 388, 402, 406, 407, 409, 411, 412, 414, 415, 416, 417, 420, 421, 423, 436, 440, 441, 442, 443, 444, 454, 455, 457, 467, 471, 472, 473, 474, 475, 476, 477, 481, 490, 491, 492, 493, 496, 502, 515, 516, 517, 520, 525, 534, 538, 539, 540, 542, 544, 545, 546, 548, 549, 551, 553], "excluded_lines": []}, "": {"executed_lines": [1, 6, 7, 8, 9, 10, 11, 12, 13, 14, 17, 18, 20, 21, 22, 23, 24, 25, 26, 27, 28, 29, 31, 32, 33, 34, 35, 36, 37, 39, 40, 41, 42, 43, 44, 45, 46, 48, 49, 50, 51, 52, 53, 54, 55, 56, 57, 58, 59, 60, 61, 63, 64, 65, 66, 67, 68, 69, 70, 71, 72, 73, 74, 75, 76, 78, 79, 80, 81, 82, 83, 84, 85, 86, 87, 88, 89, 90, 92, 93, 94, 95, 96, 97, 98, 99, 100, 101, 102, 103, 104, 106, 107, 109, 118, 167, 168, 170, 182, 230, 231, 233, 240, 275, 276, 278, 295, 307, 339, 359, 404, 438, 465, 469, 479, 536, 557], "summary": {"covered_lines": 105, "num_statements": 105, "percent_covered": 100.0, "percent_covered_display": "100", "missing_lines": 0, "excluded_lines": 0}, "missing_lines": [], "excluded_lines": []}}}, "config\\mongodb_config.py": {"executed_lines": [1, 8, 9, 10, 11, 12, 13, 14, 17, 18, 24, 26, 27, 29, 30, 31, 32, 33, 34, 36, 39, 41, 43, 45, 47, 48, 49, 50, 52, 55, 56, 73, 75, 102, 104, 105, 106, 119, 125, 127, 129, 130, 131, 136, 147, 158, 160, 162, 164, 171, 202], "summary": {"covered_lines": 49, "num_statements": 122, "percent_covered": 40.16393442622951, "percent_covered_display": "40", "missing_lines": 73, "excluded_lines": 0}, "missing_lines": [19, 21, 22, 53, 59, 61, 62, 63, 64, 65, 67, 68, 70, 71, 77, 78, 79, 93, 94, 96, 97, 98, 100, 121, 122, 123, 133, 134, 138, 139, 140, 141, 142, 143, 144, 145, 149, 150, 151, 153, 154, 155, 166, 167, 169, 173, 174, 177, 186, 188, 189, 190, 191, 194, 196, 198, 199, 200, 204, 206, 207, 208, 211, 212, 213, 216, 217, 220, 221, 223, 225, 226, 227], "excluded_lines": [], "functions": {"MongoDBConfig.__init__": {"executed_lines": [30, 31, 32, 33, 34], "summary": {"covered_lines": 5, "num_statements": 5, "percent_covered": 100.0, "percent_covered_display": "100", "missing_lines": 0, "excluded_lines": 0}, "missing_lines": [], "excluded_lines": []}, "MongoDBConfig._get_connection_string": {"executed_lines": [39, 41, 43, 45, 47, 48, 49, 50, 52, 55, 56, 73], "summary": {"covered_lines": 12, "num_statements": 23, "percent_covered": 52.17391304347826, "percent_covered_display": "52", "missing_lines": 11, "excluded_lines": 0}, "missing_lines": [53, 59, 61, 62, 63, 64, 65, 67, 68, 70, 71], "excluded_lines": []}, "MongoDBConfig.get_sync_client": {"executed_lines": [], "summary": {"covered_lines": 0, "num_statements": 9, "percent_covered": 0.0, "percent_covered_display": "0", "missing_lines": 9, "excluded_lines": 0}, "missing_lines": [77, 78, 79, 93, 94, 96, 97, 98, 100], "excluded_lines": []}, "MongoDBConfig.get_async_client": {"executed_lines": [104, 105, 106, 119, 125], "summary": {"covered_lines": 5, "num_statements": 8, "percent_covered": 62.5, "percent_covered_display": "62", "missing_lines": 3, "excluded_lines": 0}, "missing_lines": [121, 122, 123], "excluded_lines": []}, "MongoDBConfig.get_database": {"executed_lines": [129, 130, 131], "summary": {"covered_lines": 3, "num_statements": 5, "percent_covered": 60.0, "percent_covered_display": "60", "missing_lines": 2, "excluded_lines": 0}, "missing_lines": [133, 134], "excluded_lines": []}, "MongoDBConfig.test_connection": {"executed_lines": [], "summary": {"covered_lines": 0, "num_statements": 8, "percent_covered": 0.0, "percent_covered_display": "0", "missing_lines": 8, "excluded_lines": 0}, "missing_lines": [138, 139, 140, 141, 142, 143, 144, 145], "excluded_lines": []}, "MongoDBConfig.close_connections": {"executed_lines": [], "summary": {"covered_lines": 0, "num_statements": 6, "percent_covered": 0.0, "percent_covered_display": "0", "missing_lines": 6, "excluded_lines": 0}, "missing_lines": [149, 150, 151, 153, 154, 155], "excluded_lines": []}, "get_mongodb_database": {"executed_lines": [162], "summary": {"covered_lines": 1, "num_statements": 1, "percent_covered": 100.0, "percent_covered_display": "100", "missing_lines": 0, "excluded_lines": 0}, "missing_lines": [], "excluded_lines": []}, "get_mongodb_client": {"executed_lines": [], "summary": {"covered_lines": 0, "num_statements": 3, "percent_covered": 0.0, "percent_covered_display": "0", "missing_lines": 3, "excluded_lines": 0}, "missing_lines": [166, 167, 169], "excluded_lines": []}, "init_mongodb_collections": {"executed_lines": [], "summary": {"covered_lines": 0, "num_statements": 13, "percent_covered": 0.0, "percent_covered_display": "0", "missing_lines": 13, "excluded_lines": 0}, "missing_lines": [173, 174, 177, 186, 188, 189, 190, 191, 194, 196, 198, 199, 200], "excluded_lines": []}, "create_indexes": {"executed_lines": [], "summary": {"covered_lines": 0, "num_statements": 15, "percent_covered": 0.0, "percent_covered_display": "0", "missing_lines": 15, "excluded_lines": 0}, "missing_lines": [204, 206, 207, 208, 211, 212, 213, 216, 217, 220, 221, 223, 225, 226, 227], "excluded_lines": []}, "": {"executed_lines": [1, 8, 9, 10, 11, 12, 13, 14, 17, 18, 24, 26, 27, 29, 36, 75, 102, 127, 136, 147, 158, 160, 164, 171, 202], "summary": {"covered_lines": 23, "num_statements": 26, "percent_covered": 88.46153846153847, "percent_covered_display": "88", "missing_lines": 3, "excluded_lines": 0}, "missing_lines": [19, 21, 22], "excluded_lines": []}}, "classes": {"MongoDBConfig": {"executed_lines": [30, 31, 32, 33, 34, 39, 41, 43, 45, 47, 48, 49, 50, 52, 55, 56, 73, 104, 105, 106, 119, 125, 129, 130, 131], "summary": {"covered_lines": 25, "num_statements": 64, "percent_covered": 39.0625, "percent_covered_display": "39", "missing_lines": 39, "excluded_lines": 0}, "missing_lines": [53, 59, 61, 62, 63, 64, 65, 67, 68, 70, 71, 77, 78, 79, 93, 94, 96, 97, 98, 100, 121, 122, 123, 133, 134, 138, 139, 140, 141, 142, 143, 144, 145, 149, 150, 151, 153, 154, 155], "excluded_lines": []}, "": {"executed_lines": [1, 8, 9, 10, 11, 12, 13, 14, 17, 18, 24, 26, 27, 29, 36, 75, 102, 127, 136, 147, 158, 160, 162, 164, 171, 202], "summary": {"covered_lines": 24, "num_statements": 58, "percent_covered": 41.37931034482759, "percent_covered_display": "41", "missing_lines": 34, "excluded_lines": 0}, "missing_lines": [19, 21, 22, 166, 167, 169, 173, 174, 177, 186, 188, 189, 190, 191, 194, 196, 198, 199, 200, 204, 206, 207, 208, 211, 212, 213, 216, 217, 220, 221, 223, 225, 226, 227], "excluded_lines": []}}}, "database\\PerformanceOptimizer.py": {"executed_lines": [1, 12, 13, 14, 15, 16, 17, 18, 19, 20, 21, 22, 23, 24, 26, 32, 33, 34, 36, 37, 38, 39, 40, 43, 44, 45, 46, 47, 50, 51, 52, 54, 55, 56, 58, 59, 60, 61, 62, 65, 66, 67, 70, 71, 72, 74, 75, 76, 77, 78, 79, 80, 81, 82, 85, 86, 87, 89, 90, 91, 92, 95, 96, 97, 98, 99, 102, 103, 104, 105, 108, 109, 110, 113, 114, 115, 121, 122, 124, 128, 129, 130, 133, 134, 135, 138, 139, 140, 143, 144, 146, 171, 201, 229, 252, 280, 309, 323, 363, 421, 443, 512, 549, 617, 651, 676, 692, 716, 718, 722, 726, 727], "summary": {"covered_lines": 106, "num_statements": 340, "percent_covered": 31.176470588235293, "percent_covered_display": "31", "missing_lines": 234, "excluded_lines": 0}, "missing_lines": [148, 150, 153, 156, 159, 162, 163, 165, 167, 168, 169, 173, 175, 188, 191, 193, 197, 198, 199, 203, 205, 219, 221, 225, 226, 227, 231, 232, 243, 245, 248, 249, 250, 254, 255, 257, 266, 267, 268, 269, 270, 273, 275, 277, 278, 282, 283, 284, 286, 287, 288, 291, 292, 293, 295, 298, 299, 305, 311, 313, 316, 318, 320, 321, 325, 326, 328, 349, 350, 351, 352, 353, 354, 355, 358, 360, 361, 365, 366, 369, 377, 386, 394, 403, 411, 416, 418, 419, 423, 424, 425, 426, 429, 430, 433, 434, 437, 439, 440, 441, 445, 447, 449, 450, 451, 454, 455, 457, 464, 465, 466, 467, 468, 471, 477, 478, 479, 482, 483, 484, 486, 487, 490, 491, 492, 493, 494, 497, 498, 499, 500, 502, 503, 505, 507, 508, 510, 514, 515, 518, 519, 521, 522, 524, 525, 528, 529, 532, 533, 536, 537, 539, 540, 542, 543, 546, 547, 551, 552, 553, 555, 558, 559, 561, 562, 563, 564, 565, 567, 569, 613, 614, 615, 619, 622, 623, 625, 626, 628, 629, 632, 633, 636, 637, 639, 640, 643, 644, 646, 647, 649, 653, 654, 656, 657, 660, 661, 662, 663, 666, 667, 673, 674, 678, 679, 681, 682, 683, 684, 685, 687, 688, 690, 694, 695, 697, 698, 700, 701, 703, 704, 706, 708, 709, 720, 724, 730, 731, 732, 733, 736, 737, 738, 740], "excluded_lines": [], "functions": {"DatabasePerformanceOptimizer.__init__": {"executed_lines": [128, 129, 130, 133, 134, 135, 138, 139, 140, 143, 144], "summary": {"covered_lines": 11, "num_statements": 11, "percent_covered": 100.0, "percent_covered_display": "100", "missing_lines": 0, "excluded_lines": 0}, "missing_lines": [], "excluded_lines": []}, "DatabasePerformanceOptimizer.initialize": {"executed_lines": [], "summary": {"covered_lines": 0, "num_statements": 11, "percent_covered": 0.0, "percent_covered_display": "0", "missing_lines": 11, "excluded_lines": 0}, "missing_lines": [148, 150, 153, 156, 159, 162, 163, 165, 167, 168, 169], "excluded_lines": []}, "DatabasePerformanceOptimizer._initialize_postgresql": {"executed_lines": [], "summary": {"covered_lines": 0, "num_statements": 8, "percent_covered": 0.0, "percent_covered_display": "0", "missing_lines": 8, "excluded_lines": 0}, "missing_lines": [173, 175, 188, 191, 193, 197, 198, 199], "excluded_lines": []}, "DatabasePerformanceOptimizer._initialize_mongodb": {"executed_lines": [], "summary": {"covered_lines": 0, "num_statements": 7, "percent_covered": 0.0, "percent_covered_display": "0", "missing_lines": 7, "excluded_lines": 0}, "missing_lines": [203, 205, 219, 221, 225, 226, 227], "excluded_lines": []}, "DatabasePerformanceOptimizer._initialize_redis": {"executed_lines": [], "summary": {"covered_lines": 0, "num_statements": 7, "percent_covered": 0.0, "percent_covered_display": "0", "missing_lines": 7, "excluded_lines": 0}, "missing_lines": [231, 232, 243, 245, 248, 249, 250], "excluded_lines": []}, "DatabasePerformanceOptimizer._configure_postgresql_performance": {"executed_lines": [], "summary": {"covered_lines": 0, "num_statements": 12, "percent_covered": 0.0, "percent_covered_display": "0", "missing_lines": 12, "excluded_lines": 0}, "missing_lines": [254, 255, 257, 266, 267, 268, 269, 270, 273, 275, 277, 278], "excluded_lines": []}, "DatabasePerformanceOptimizer._setup_postgresql_monitoring": {"executed_lines": [], "summary": {"covered_lines": 0, "num_statements": 4, "percent_covered": 0.0, "percent_covered_display": "0", "missing_lines": 4, "excluded_lines": 0}, "missing_lines": [282, 283, 286, 287], "excluded_lines": []}, "DatabasePerformanceOptimizer._setup_postgresql_monitoring.receive_before_cursor_execute": {"executed_lines": [], "summary": {"covered_lines": 0, "num_statements": 1, "percent_covered": 0.0, "percent_covered_display": "0", "missing_lines": 1, "excluded_lines": 0}, "missing_lines": [284], "excluded_lines": []}, "DatabasePerformanceOptimizer._setup_postgresql_monitoring.receive_after_cursor_execute": {"executed_lines": [], "summary": {"covered_lines": 0, "num_statements": 8, "percent_covered": 0.0, "percent_covered_display": "0", "missing_lines": 8, "excluded_lines": 0}, "missing_lines": [288, 291, 292, 293, 295, 298, 299, 305], "excluded_lines": []}, "DatabasePerformanceOptimizer._create_optimized_indexes": {"executed_lines": [], "summary": {"covered_lines": 0, "num_statements": 6, "percent_covered": 0.0, "percent_covered_display": "0", "missing_lines": 6, "excluded_lines": 0}, "missing_lines": [311, 313, 316, 318, 320, 321], "excluded_lines": []}, "DatabasePerformanceOptimizer._create_postgresql_indexes": {"executed_lines": [], "summary": {"covered_lines": 0, "num_statements": 13, "percent_covered": 0.0, "percent_covered_display": "0", "missing_lines": 13, "excluded_lines": 0}, "missing_lines": [325, 326, 328, 349, 350, 351, 352, 353, 354, 355, 358, 360, 361], "excluded_lines": []}, "DatabasePerformanceOptimizer._create_mongodb_indexes": {"executed_lines": [], "summary": {"covered_lines": 0, "num_statements": 11, "percent_covered": 0.0, "percent_covered_display": "0", "missing_lines": 11, "excluded_lines": 0}, "missing_lines": [365, 366, 369, 377, 386, 394, 403, 411, 416, 418, 419], "excluded_lines": []}, "DatabasePerformanceOptimizer._performance_monitor": {"executed_lines": [], "summary": {"covered_lines": 0, "num_statements": 12, "percent_covered": 0.0, "percent_covered_display": "0", "missing_lines": 12, "excluded_lines": 0}, "missing_lines": [423, 424, 425, 426, 429, 430, 433, 434, 437, 439, 440, 441], "excluded_lines": []}, "DatabasePerformanceOptimizer._collect_performance_metrics": {"executed_lines": [], "summary": {"covered_lines": 0, "num_statements": 37, "percent_covered": 0.0, "percent_covered_display": "0", "missing_lines": 37, "excluded_lines": 0}, "missing_lines": [445, 447, 449, 450, 451, 454, 455, 457, 464, 465, 466, 467, 468, 471, 477, 478, 479, 482, 483, 484, 486, 487, 490, 491, 492, 493, 494, 497, 498, 499, 500, 502, 503, 505, 507, 508, 510], "excluded_lines": []}, "DatabasePerformanceOptimizer._auto_optimize": {"executed_lines": [], "summary": {"covered_lines": 0, "num_statements": 20, "percent_covered": 0.0, "percent_covered_display": "0", "missing_lines": 20, "excluded_lines": 0}, "missing_lines": [514, 515, 518, 519, 521, 522, 524, 525, 528, 529, 532, 533, 536, 537, 539, 540, 542, 543, 546, 547], "excluded_lines": []}, "DatabasePerformanceOptimizer.get_performance_report": {"executed_lines": [], "summary": {"covered_lines": 0, "num_statements": 16, "percent_covered": 0.0, "percent_covered_display": "0", "missing_lines": 16, "excluded_lines": 0}, "missing_lines": [551, 552, 553, 555, 558, 559, 561, 562, 563, 564, 565, 567, 569, 613, 614, 615], "excluded_lines": []}, "DatabasePerformanceOptimizer._generate_recommendations": {"executed_lines": [], "summary": {"covered_lines": 0, "num_statements": 18, "percent_covered": 0.0, "percent_covered_display": "0", "missing_lines": 18, "excluded_lines": 0}, "missing_lines": [619, 622, 623, 625, 626, 628, 629, 632, 633, 636, 637, 639, 640, 643, 644, 646, 647, 649], "excluded_lines": []}, "DatabasePerformanceOptimizer.optimize_query_cache": {"executed_lines": [], "summary": {"covered_lines": 0, "num_statements": 12, "percent_covered": 0.0, "percent_covered_display": "0", "missing_lines": 12, "excluded_lines": 0}, "missing_lines": [653, 654, 656, 657, 660, 661, 662, 663, 666, 667, 673, 674], "excluded_lines": []}, "DatabasePerformanceOptimizer.get_cached_query": {"executed_lines": [], "summary": {"covered_lines": 0, "num_statements": 10, "percent_covered": 0.0, "percent_covered_display": "0", "missing_lines": 10, "excluded_lines": 0}, "missing_lines": [678, 679, 681, 682, 683, 684, 685, 687, 688, 690], "excluded_lines": []}, "DatabasePerformanceOptimizer.cleanup": {"executed_lines": [], "summary": {"covered_lines": 0, "num_statements": 11, "percent_covered": 0.0, "percent_covered_display": "0", "missing_lines": 11, "excluded_lines": 0}, "missing_lines": [694, 695, 697, 698, 700, 701, 703, 704, 706, 708, 709], "excluded_lines": []}, "initialize_database_optimization": {"executed_lines": [], "summary": {"covered_lines": 0, "num_statements": 1, "percent_covered": 0.0, "percent_covered_display": "0", "missing_lines": 1, "excluded_lines": 0}, "missing_lines": [720], "excluded_lines": []}, "get_performance_report": {"executed_lines": [], "summary": {"covered_lines": 0, "num_statements": 1, "percent_covered": 0.0, "percent_covered_display": "0", "missing_lines": 1, "excluded_lines": 0}, "missing_lines": [724], "excluded_lines": []}, "optimized_query_cache": {"executed_lines": [], "summary": {"covered_lines": 0, "num_statements": 8, "percent_covered": 0.0, "percent_covered_display": "0", "missing_lines": 8, "excluded_lines": 0}, "missing_lines": [730, 731, 732, 733, 736, 737, 738, 740], "excluded_lines": []}, "": {"executed_lines": [1, 12, 13, 14, 15, 16, 17, 18, 19, 20, 21, 22, 23, 24, 26, 32, 33, 34, 36, 37, 38, 39, 40, 43, 44, 45, 46, 47, 50, 51, 52, 54, 55, 56, 58, 59, 60, 61, 62, 65, 66, 67, 70, 71, 72, 74, 75, 76, 77, 78, 79, 80, 81, 82, 85, 86, 87, 89, 90, 91, 92, 95, 96, 97, 98, 99, 102, 103, 104, 105, 108, 109, 110, 113, 114, 115, 121, 122, 124, 146, 171, 201, 229, 252, 280, 309, 323, 363, 421, 443, 512, 549, 617, 651, 676, 692, 716, 718, 722, 726, 727], "summary": {"covered_lines": 95, "num_statements": 95, "percent_covered": 100.0, "percent_covered_display": "100", "missing_lines": 0, "excluded_lines": 0}, "missing_lines": [], "excluded_lines": []}}, "classes": {"PostgreSQLConfig": {"executed_lines": [], "summary": {"covered_lines": 0, "num_statements": 0, "percent_covered": 100.0, "percent_covered_display": "100", "missing_lines": 0, "excluded_lines": 0}, "missing_lines": [], "excluded_lines": []}, "MongoDBConfig": {"executed_lines": [], "summary": {"covered_lines": 0, "num_statements": 0, "percent_covered": 100.0, "percent_covered_display": "100", "missing_lines": 0, "excluded_lines": 0}, "missing_lines": [], "excluded_lines": []}, "CacheConfig": {"executed_lines": [], "summary": {"covered_lines": 0, "num_statements": 0, "percent_covered": 100.0, "percent_covered_display": "100", "missing_lines": 0, "excluded_lines": 0}, "missing_lines": [], "excluded_lines": []}, "PerformanceMetrics": {"executed_lines": [], "summary": {"covered_lines": 0, "num_statements": 0, "percent_covered": 100.0, "percent_covered_display": "100", "missing_lines": 0, "excluded_lines": 0}, "missing_lines": [], "excluded_lines": []}, "DatabasePerformanceOptimizer": {"executed_lines": [128, 129, 130, 133, 134, 135, 138, 139, 140, 143, 144], "summary": {"covered_lines": 11, "num_statements": 235, "percent_covered": 4.680851063829787, "percent_covered_display": "5", "missing_lines": 224, "excluded_lines": 0}, "missing_lines": [148, 150, 153, 156, 159, 162, 163, 165, 167, 168, 169, 173, 175, 188, 191, 193, 197, 1
[...]
, "excluded_lines": 0}, "missing_lines": [363], "excluded_lines": []}}, "classes": {"TestSecurityHeadersMiddleware": {"executed_lines": [18, 19, 20, 21, 24, 25, 26, 28, 29, 30, 32, 33, 34, 36, 37, 38, 42, 43, 47, 50, 51, 52, 53, 54, 57, 58, 59, 60, 64, 66, 67, 70, 71, 72, 73, 79, 80, 81, 82, 84, 85, 86, 88, 91, 94, 95, 101, 102, 103, 104, 106, 107, 108, 110, 113, 114, 115, 116, 117, 121, 124, 125, 126, 127, 128, 132, 135, 136, 137, 141, 144, 145, 146, 150, 153, 157, 160, 164, 166, 167, 170, 171, 172, 176, 178, 179, 180, 182, 183, 184, 189, 190, 193, 194, 198, 199, 204, 207, 208, 210, 211, 212, 216, 217, 219, 220], "summary": {"covered_lines": 106, "num_statements": 106, "percent_covered": 100.0, "percent_covered_display": "100", "missing_lines": 0, "excluded_lines": 0}, "missing_lines": [], "excluded_lines": []}, "TestSecurityHeadersIntegration": {"executed_lines": [228, 230, 231, 234, 237, 238, 240, 241, 242, 244, 247, 248, 249, 253, 254, 257, 260, 262, 263, 265, 266, 268, 270, 271, 272, 275, 283, 284, 285, 286, 288, 289, 290, 293, 296, 297, 302, 303, 304], "summary": {"covered_lines": 39, "num_statements": 41, "percent_covered": 95.1219512195122, "percent_covered_display": "95", "missing_lines": 2, "excluded_lines": 0}, "missing_lines": [276, 279], "excluded_lines": []}, "TestSecurityHeadersConfiguration": {"executed_lines": [312, 313, 315, 318, 319, 321, 323, 324, 325, 327, 328, 332, 333, 335, 338, 342, 343, 345, 346, 347, 349, 350, 351, 354, 355, 358, 359], "summary": {"covered_lines": 27, "num_statements": 27, "percent_covered": 100.0, "percent_covered_display": "100", "missing_lines": 0, "excluded_lines": 0}, "missing_lines": [], "excluded_lines": []}, "": {"executed_lines": [1, 6, 7, 8, 9, 10, 13, 14, 16, 40, 45, 62, 75, 76, 97, 98, 119, 130, 139, 148, 155, 162, 174, 186, 196, 214, 223, 224, 226, 251, 281, 307, 308, 310, 330, 362], "summary": {"covered_lines": 32, "num_statements": 33, "percent_covered": 96.96969696969697, "percent_covered_display": "97", "missing_lines": 1, "excluded_lines": 0}, "missing_lines": [363], "excluded_lines": []}}}, "tests\\test_sentry_config.py": {"executed_lines": [1, 6, 7, 8, 9, 12, 13, 14, 16, 17, 19, 20, 23, 24, 26, 27, 29, 30, 33, 38, 39, 41, 42, 45, 47, 48, 50, 54, 56, 63, 64, 66, 70, 72, 79, 80, 82, 83, 85, 86, 87, 89, 90, 92, 93, 96, 104, 105, 107, 108, 111, 112, 113, 115, 116, 121, 124, 125, 126, 128, 129, 132, 135, 136, 138, 139, 141, 142, 143, 145, 147, 149, 150, 152, 155, 157, 159, 160, 162, 170, 172, 175, 176, 178, 179, 181, 182, 185, 187, 188, 190, 191, 193, 194, 197, 199, 200, 202, 203, 205, 206, 207, 210, 211, 212, 214, 217, 218, 220, 221, 223, 227, 229, 230, 232, 233, 235, 239, 241, 242, 244, 245, 247, 251, 253, 254, 256, 257, 259, 263, 265, 266, 269, 270, 272, 273, 275, 276, 278, 279, 296, 297, 299, 300, 302, 303, 309, 310, 312, 313, 315, 322, 324, 326, 327, 330, 331, 333, 334, 335, 337, 338, 340, 350, 352, 355, 356, 358, 359, 362, 365, 366, 370, 371, 374, 377, 378, 379, 381, 383, 386, 388, 389, 390, 392, 393, 394, 397, 398, 400, 401, 403, 404, 406, 407, 413, 414, 416, 417, 419, 420, 426, 427, 429, 430, 432, 433, 441, 442, 444, 446, 449, 450, 452, 453, 454, 457, 458, 459, 461, 462, 463, 466, 468, 469, 471, 472, 475, 478, 479], "summary": {"covered_lines": 219, "num_statements": 245, "percent_covered": 89.38775510204081, "percent_covered_display": "89", "missing_lines": 26, "excluded_lines": 0}, "missing_lines": [34, 35, 36, 57, 60, 61, 73, 76, 97, 100, 101, 102, 119, 281, 283, 291, 294, 306, 367, 368, 410, 411, 423, 424, 436, 438], "excluded_lines": [], "functions": {"TestSentryInitialization.test_sentry_init_with_dsn": {"executed_lines": [29, 30, 33], "summary": {"covered_lines": 3, "num_statements": 6, "percent_covered": 50.0, "percent_covered_display": "50", "missing_lines": 3, "excluded_lines": 0}, "missing_lines": [34, 35, 36], "excluded_lines": []}, "TestSentryInitialization.test_sentry_init_without_dsn": {"executed_lines": [41, 42, 45], "summary": {"covered_lines": 3, "num_statements": 3, "percent_covered": 100.0, "percent_covered_display": "100", "missing_lines": 0, "excluded_lines": 0}, "missing_lines": [], "excluded_lines": []}, "TestSentryInitialization.test_sentry_init_production_config": {"executed_lines": [50, 54, 56], "summary": {"covered_lines": 3, "num_statements": 6, "percent_covered": 50.0, "percent_covered_display": "50", "missing_lines": 3, "excluded_lines": 0}, "missing_lines": [57, 60, 61], "excluded_lines": []}, "TestSentryInitialization.test_sentry_init_development_config": {"executed_lines": [66, 70, 72], "summary": {"covered_lines": 3, "num_statements": 5, "percent_covered": 60.0, "percent_covered_display": "60", "missing_lines": 2, "excluded_lines": 0}, "missing_lines": [73, 76], "excluded_lines": []}, "TestSentryFlaskIntegration.app": {"executed_lines": [85, 86, 87], "summary": {"covered_lines": 3, "num_statements": 3, "percent_covered": 100.0, "percent_covered_display": "100", "missing_lines": 0, "excluded_lines": 0}, "missing_lines": [], "excluded_lines": []}, "TestSentryFlaskIntegration.test_flask_sentry_configuration": {"executed_lines": [92, 93, 96], "summary": {"covered_lines": 3, "num_statements": 7, "percent_covered": 42.857142857142854, "percent_covered_display": "43", "missing_lines": 4, "excluded_lines": 0}, "missing_lines": [97, 100, 101, 102], "excluded_lines": []}, "TestSentryFlaskIntegration.test_flask_sentry_error_handling": {"executed_lines": [107, 108, 111, 112, 115, 116], "summary": {"covered_lines": 6, "num_statements": 7, "percent_covered": 85.71428571428571, "percent_covered_display": "86", "missing_lines": 1, "excluded_lines": 0}, "missing_lines": [119], "excluded_lines": []}, "TestSentryFlaskIntegration.test_flask_sentry_error_handling.test_error": {"executed_lines": [113], "summary": {"covered_lines": 1, "num_statements": 1, "percent_covered": 100.0, "percent_covered_display": "100", "missing_lines": 0, "excluded_lines": 0}, "missing_lines": [], "excluded_lines": []}, "TestSentryFlaskIntegration.test_flask_app_without_sentry": {"executed_lines": [124, 125, 128, 129, 132], "summary": {"covered_lines": 5, "num_statements": 5, "percent_covered": 100.0, "percent_covered_display": "100", "missing_lines": 0, "excluded_lines": 0}, "missing_lines": [], "excluded_lines": []}, "TestSentryFlaskIntegration.test_flask_app_without_sentry.test_route": {"executed_lines": [126], "summary": {"covered_lines": 1, "num_statements": 1, "percent_covered": 100.0, "percent_covered_display": "100", "missing_lines": 0, "excluded_lines": 0}, "missing_lines": [], "excluded_lines": []}, "TestSentryErrorCapture.test_exception_capture": {"executed_lines": [141, 142, 143, 145, 147], "summary": {"covered_lines": 5, "num_statements": 5, "percent_covered": 100.0, "percent_covered_display": "100", "missing_lines": 0, "excluded_lines": 0}, "missing_lines": [], "excluded_lines": []}, "TestSentryErrorCapture.test_message_capture": {"executed_lines": [152, 155, 157], "summary": {"covered_lines": 3, "num_statements": 3, "percent_covered": 100.0, "percent_covered_display": "100", "missing_lines": 0, "excluded_lines": 0}, "missing_lines": [], "excluded_lines": []}, "TestSentryErrorCapture.test_breadcrumb_capture": {"executed_lines": [162, 170, 172], "summary": {"covered_lines": 3, "num_statements": 3, "percent_covered": 100.0, "percent_covered_display": "100", "missing_lines": 0, "excluded_lines": 0}, "missing_lines": [], "excluded_lines": []}, "TestSentryPerformanceMonitoring.test_transaction_creation": {"executed_lines": [181, 182, 185, 187, 188], "summary": {"covered_lines": 5, "num_statements": 5, "percent_covered": 100.0, "percent_covered_display": "100", "missing_lines": 0, "excluded_lines": 0}, "missing_lines": [], "excluded_lines": []}, "TestSentryPerformanceMonitoring.test_span_creation": {"executed_lines": [193, 194, 197, 199, 200], "summary": {"covered_lines": 5, "num_statements": 5, "percent_covered": 100.0, "percent_covered_display": "100", "missing_lines": 0, "excluded_lines": 0}, "missing_lines": [], "excluded_lines": []}, "TestSentryPerformanceMonitoring.test_scope_configuration": {"executed_lines": [205, 206, 207, 210, 211, 212, 214], "summary": {"covered_lines": 7, "num_statements": 7, "percent_covered": 100.0, "percent_covered_display": "100", "missing_lines": 0, "excluded_lines": 0}, "missing_lines": [], "excluded_lines": []}, "TestSentryConfiguration.test_sentry_environment_configuration": {"executed_lines": [223, 227, 229, 230], "summary": {"covered_lines": 4, "num_statements": 4, "percent_covered": 100.0, "percent_covered_display": "100", "missing_lines": 0, "excluded_lines": 0}, "missing_lines": [], "excluded_lines": []}, "TestSentryConfiguration.test_sentry_release_configuration": {"executed_lines": [235, 239, 241, 242], "summary": {"covered_lines": 4, "num_statements": 4, "percent_covered": 100.0, "percent_covered_display": "100", "missing_lines": 0, "excluded_lines": 0}, "missing_lines": [], "excluded_lines": []}, "TestSentryConfiguration.test_sentry_sample_rate_configuration": {"executed_lines": [247, 251, 253, 254], "summary": {"covered_lines": 4, "num_statements": 4, "percent_covered": 100.0, "percent_covered_display": "100", "missing_lines": 0, "excluded_lines": 0}, "missing_lines": [], "excluded_lines": []}, "TestSentryConfiguration.test_sentry_profiles_sample_rate_configuration": {"executed_lines": [259, 263, 265, 266], "summary": {"covered_lines": 4, "num_statements": 4, "percent_covered": 100.0, "percent_covered_display": "100", "missing_lines": 0, "excluded_lines": 0}, "missing_lines": [], "excluded_lines": []}, "TestSentryFiltering.test_sentry_before_send_filter": {"executed_lines": [275, 276, 278, 279], "summary": {"covered_lines": 4, "num_statements": 8, "percent_covered": 50.0, "percent_covered_display": "50", "missing_lines": 4, "excluded_lines": 0}, "missing_lines": [281, 283, 291, 294], "excluded_lines": []}, "TestSentryFiltering.test_sentry_ignore_errors": {"executed_lines": [299, 300, 302, 303], "summary": {"covered_lines": 4, "num_statements": 5, "percent_covered": 80.0, "percent_covered_display": "80", "missing_lines": 1, "excluded_lines": 0}, "missing_lines": [306], "excluded_lines": []}, "TestSentryContextData.test_user_context": {"executed_lines": [315, 322, 324], "summary": {"covered_lines": 3, "num_statements": 3, "percent_covered": 100.0, "percent_covered_display": "100", "missing_lines": 0, "excluded_lines": 0}, "missing_lines": [], "excluded_lines": []}, "TestSentryContextData.test_tag_context": {"executed_lines": [330, 331, 333, 334, 335], "summary": {"covered_lines": 5, "num_statements": 5, "percent_covered": 100.0, "percent_covered_display": "100", "missing_lines": 0, "excluded_lines": 0}, "missing_lines": [], "excluded_lines": []}, "TestSentryContextData.test_custom_context": {"executed_lines": [340, 350, 352], "summary": {"covered_lines": 3, "num_statements": 3, "percent_covered": 100.0, "percent_covered_display": "100", "missing_lines": 0, "excluded_lines": 0}, "missing_lines": [], "excluded_lines": []}, "TestSentryErrorHandling.test_sentry_init_failure": {"executed_lines": [362, 365, 366], "summary": {"covered_lines": 3, "num_statements": 5, "percent_covered": 60.0, "percent_covered_display": "60", "missing_lines": 2, "excluded_lines": 0}, "missing_lines": [367, 368], "excluded_lines": []}, "TestSentryErrorHandling.test_sentry_capture_failure": {"executed_lines": [374, 377, 378, 379, 381], "summary": {"covered_lines": 5, "num_statements": 5, "percent_covered": 100.0, "percent_covered_display": "100", "missing_lines": 0, "excluded_lines": 0}, "missing_lines": [], "excluded_lines": []}, "TestSentryErrorHandling.test_sentry_disabled_gracefully": {"executed_lines": [386, 388, 389, 392, 393, 394], "summary": {"covered_lines": 6, "num_statements": 6, "percent_covered": 100.0, "percent_covered_display": "100", "missing_lines": 0, "excluded_lines": 0}, "missing_lines": [], "excluded_lines": []}, "TestSentryErrorHandling.test_sentry_disabled_gracefully.test_route": {"executed_lines": [390], "summary": {"covered_lines": 1, "num_statements": 1, "percent_covered": 100.0, "percent_covered_display": "100", "missing_lines": 0, "excluded_lines": 0}, "missing_lines": [], "excluded_lines": []}, "TestSentryIntegrations.test_flask_integration": {"executed_lines": [403, 404, 406, 407], "summary": {"covered_lines": 4, "num_statements": 6, "percent_covered": 66.66666666666667, "percent_covered_display": "67", "missing_lines": 2, "excluded_lines": 0}, "missing_lines": [410, 411], "excluded_lines": []}, "TestSentryIntegrations.test_logging_integration": {"executed_lines": [416, 417, 419, 420], "summary": {"covered_lines": 4, "num_statements": 6, "percent_covered": 66.66666666666667, "percent_covered_display": "67", "missing_lines": 2, "excluded_lines": 0}, "missing_lines": [423, 424], "excluded_lines": []}, "TestSentryIntegrations.test_sqlalchemy_integration": {"executed_lines": [429, 430, 432, 433], "summary": {"covered_lines": 4, "num_statements": 6, "percent_covered": 66.66666666666667, "percent_covered_display": "67", "missing_lines": 2, "excluded_lines": 0}, "missing_lines": [436, 438], "excluded_lines": []}, "TestSentryPerformance.test_sentry_overhead_minimal": {"executed_lines": [446, 449, 450, 452, 453, 454, 457, 458, 459, 461, 462, 463, 466], "summary": {"covered_lines": 13, "num_statements": 13, "percent_covered": 100.0, "percent_covered_display": "100", "missing_lines": 0, "excluded_lines": 0}, "missing_lines": [], "excluded_lines": []}, "TestSentryPerformance.test_transaction_performance_tracking": {"executed_lines": [471, 472, 475, 478, 479], "summary": {"covered_lines": 5, "num_statements": 5, "percent_covered": 100.0, "percent_covered_display": "100", "missing_lines": 0, "excluded_lines": 0}, "missing_lines": [], "excluded_lines": []}, "": {"executed_lines": [1, 6, 7, 8, 9, 12, 13, 14, 16, 17, 19, 20, 23, 24, 26, 27, 38, 39, 47, 48, 63, 64, 79, 80, 82, 83, 89, 90, 104, 105, 121, 135, 136, 138, 139, 149, 150, 159, 160, 175, 176, 178, 179, 190, 191, 202, 203, 217, 218, 220, 221, 232, 233, 244, 245, 256, 257, 269, 270, 272, 273, 296, 297, 309, 310, 312, 313, 326, 327, 337, 338, 355, 356, 358, 359, 370, 371, 383, 397, 398, 400, 401, 413, 414, 426, 427, 441, 442, 444, 468, 469], "summary": {"covered_lines": 80, "num_statements": 80, "percent_covered": 100.0, "percent_covered_display": "100", "missing_lines": 0, "excluded_lines": 0}, "missing_lines": [], "excluded_lines": []}}, "classes": {"TestSentryInitialization": {"executed_lines": [29, 30, 33, 41, 42, 45, 50, 54, 56, 66, 70, 72], "summary": {"covered_lines": 12, "num_statements": 20, "percent_covered": 60.0, "percent_covered_display": "60", "missing_lines": 8, "excluded_lines": 0}, "missing_lines": [34, 35, 36, 57, 60, 61, 73, 76], "excluded_lines": []}, "TestSentryFlaskIntegration": {"executed_lines": [85, 86, 87, 92, 93, 96, 107, 108, 111, 112, 113, 115, 116, 124, 125, 126, 128, 129, 132], "summary": {"covered_lines": 19, "num_statements": 24, "percent_covered": 79.16666666666667, "percent_covered_display": "79", "missing_lines": 5, "excluded_lines": 0}, "missing_lines": [97, 100, 101, 102, 119], "excluded_lines": []}, "TestSentryErrorCapture": {"executed_lines": [141, 142, 143, 145, 147, 152, 155, 157, 162, 170, 172], "summary": {"covered_lines": 11, "num_statements": 11, "percent_covered": 100.0, "percent_covered_display": "100", "missing_lines": 0, "excluded_lines": 0}, "missing_lines": [], "excluded_lines": []}, "TestSentryPerformanceMonitoring": {"executed_lines": [181, 182, 185, 187, 188, 193, 194, 197, 199, 200, 205, 206, 207, 210, 211, 212, 214], "summary": {"covered_lines": 17, "num_statements": 17, "percent_covered": 100.0, "percent_covered_display": "100", "missing_lines": 0, "excluded_lines": 0}, "missing_lines": [], "excluded_lines": []}, "TestSentryConfiguration": {"executed_lines": [223, 227, 229, 230, 235, 239, 241, 242, 247, 251, 253, 254, 259, 263, 265, 266], "summary": {"covered_lines": 16, "num_statements": 16, "percent_covered": 100.0, "percent_covered_display": "100", "missing_lines": 0, "excluded_lines": 0}, "missing_lines": [], "excluded_lines": []}, "TestSentryFiltering": {"executed_lines": [275, 276, 278, 279, 299, 300, 302, 303], "summary": {"covered_lines": 8, "num_statements": 13, "percent_covered": 61.53846153846154, "percent_covered_display": "62", "missing_lines": 5, "excluded_lines": 0}, "missing_lines": [281, 283, 291, 294, 306], "excluded_lines": []}, "TestSentryContextData": {"executed_lines": [315, 322, 324, 330, 331, 333, 334, 335, 340, 350, 352], "summary": {"covered_lines": 11, "num_statements": 11, "percent_covered": 100.0, "percent_covered_display": "100", "missing_lines": 0, "excluded_lines": 0}, "missing_lines": [], "excluded_lines": []}, "TestSentryErrorHandling": {"executed_lines": [362, 365, 366, 374, 377, 378, 379, 381, 386, 388, 389, 390, 392, 393, 394], "summary": {"covered_lines": 15, "num_statements": 17, "percent_covered": 88.23529411764706, "percent_covered_display": "88", "missing_lines": 2, "excluded_lines": 0}, "missing_lines": [367, 368], "excluded_lines": []}, "TestSentryIntegrations": {"executed_lines": [403, 404, 406, 407, 416, 417, 419, 420, 429, 430, 432, 433], "summary": {"covered_lines": 12, "num_statements": 18, "percent_covered": 66.66666666666667, "percent_covered_display": "67", "missing_lines": 6, "excluded_lines": 0}, "missing_lines": [410, 411, 423, 424, 436, 438], "excluded_lines": []}, "TestSentryPerformance": {"executed_lines": [446, 449, 450, 452, 453, 454, 457, 458, 459, 461, 462, 463, 466, 471, 472, 475, 478, 479], "summary": {"covered_lines": 18, "num_statements": 18, "percent_covered": 100.0, "percent_covered_display": "100", "missing_lines": 0, "excluded_lines": 0}, "missing_lines": [], "excluded_lines": []}, "": {"executed_lines": [1, 6, 7, 8, 9, 12, 13, 14, 16, 17, 19, 20, 23, 24, 26, 27, 38, 39, 47, 48, 63, 64, 79, 80, 82, 83, 89, 90, 104, 105, 121, 135, 136, 138, 139, 149, 150, 159, 160, 175, 176, 178, 179, 190, 191, 202, 203, 217, 218, 220, 221, 232, 233, 244, 245, 256, 257, 269, 270, 272, 273, 296, 297, 309, 310, 312, 313, 326, 327, 337, 338, 355, 356, 358, 359, 370, 371, 383, 397, 398, 400, 401, 413, 414, 426, 427, 441, 442, 444, 468, 469], "summary": {"covered_lines": 80, "num_statements": 80, "percent_covered": 100.0, "percent_covered_display": "100", "missing_lines": 0, "excluded_lines": 0}, "missing_lines": [], "excluded_lines": []}}}, "verify_sentry.py": {"executed_lines": [], "summary": {"covered_lines": 0, "num_statements": 17, "percent_covered": 0.0, "percent_covered_display": "0", "missing_lines": 17, "excluded_lines": 0}, "missing_lines": [10, 11, 14, 30, 32, 33, 34, 35, 37, 38, 40, 42, 43, 44, 45, 46, 48], "excluded_lines": [], "functions": {"hello_world": {"executed_lines": [], "summary": {"covered_lines": 0, "num_statements": 2, "percent_covered": 0.0, "percent_covered_display": "0", "missing_lines": 2, "excluded_lines": 0}, "missing_lines": [34, 35], "excluded_lines": []}, "health_check": {"executed_lines": [], "summary": {"covered_lines": 0, "num_statements": 1, "percent_covered": 0.0, "percent_covered_display": "0", "missing_lines": 1, "excluded_lines": 0}, "missing_lines": [40], "excluded_lines": []}, "": {"executed_lines": [], "summary": {"covered_lines": 0, "num_statements": 14, "percent_covered": 0.0, "percent_covered_display": "0", "missing_lines": 14, "excluded_lines": 0}, "missing_lines": [10, 11, 14, 30, 32, 33, 37, 38, 42, 43, 44, 45, 46, 48], "excluded_lines": []}}, "classes": {"": {"executed_lines": [], "summary": {"covered_lines": 0, "num_statements": 17, "percent_covered": 0.0, "percent_covered_display": "0", "missing_lines": 17, "excluded_lines": 0}, "missing_lines": [10, 11, 14, 30, 32, 33, 34, 35, 37, 38, 40, 42, 43, 44, 45, 46, 48], "excluded_lines": []}}}}, "totals": {"covered_lines": 3346, "num_statements": 5560, "percent_covered": 60.17985611510792, "percent_covered_display": "60", "missing_lines": 2214, "excluded_lines": 1}}