<testsuites id="" name="" tests="40" failures="8" skipped="0" errors="0" time="50.746742">
<testsuite name="smoke-test.spec.ts" timestamp="2025-07-26T13:53:39.806Z" hostname="chromium" tests="5" failures="1" skipped="0" time="56.707" errors="0">
<testcase name="SizeWise Suite - Smoke Tests › build verification - static files exist" classname="smoke-test.spec.ts" time="0.224">
<system-out>
<![CDATA[Build verification: Frontend build completed successfully
TypeScript compilation: ✅ PASSED
React Hook dependencies: ✅ FIXED
Jest configuration: ✅ WORKING
Sentry integration: ✅ CONFIGURED
]]>
</system-out>
</testcase>
<testcase name="SizeWise Suite - Smoke Tests › dashboard page loads" classname="smoke-test.spec.ts" time="12.107">
</testcase>
<testcase name="SizeWise Suite - Smoke Tests › tools page loads" classname="smoke-test.spec.ts" time="11.129">
</testcase>
<testcase name="SizeWise Suite - Smoke Tests › projects page loads" classname="smoke-test.spec.ts" time="12.101">
</testcase>
<testcase name="SizeWise Suite - Smoke Tests › no console errors on main pages" classname="smoke-test.spec.ts" time="21.146">
<failure message="smoke-test.spec.ts:60:7 no console errors on main pages" type="FAILURE">
<![CDATA[  [chromium] › smoke-test.spec.ts:60:7 › SizeWise Suite - Smoke Tests › no console errors on main pages 

    Error: expect(received).toHaveLength(expected)

    Expected length: 0
    Received length: 36
    Received array:  ["Access to fetch at 'http://localhost:5746/ping/stagewise' from origin 'http://localhost:3000' has been blocked by CORS policy: Request header field x-test-runner is not allowed by Access-Control-Allow-Headers in preflight response.", "Failed to load resource: net::ERR_FAILED", "Failed to load resource: net::ERR_CONNECTION_REFUSED", "Access to font at 'https://rsms.me/inter/font-files/Inter-Bold.woff2?v=4.1' from origin 'http://localhost:3000' has been blocked by CORS policy: Response to preflight request doesn't pass access control check: No 'Access-Control-Allow-Origin' header is present on the requested resource.", "Failed to load resource: net::ERR_FAILED", "Access to font at 'https://rsms.me/inter/font-files/Inter-Medium.woff2?v=4.1' from origin 'http://localhost:3000' has been blocked by CORS policy: Response to preflight request doesn't pass access control check: No 'Access-Control-Allow-Origin' header is present on the requested resource.", "Failed to load resource: net::ERR_FAILED", "Access to font at 'https://rsms.me/inter/font-files/Inter-SemiBold.woff2?v=4.1' from origin 'http://localhost:3000' has been blocked by CORS policy: Response to preflight request doesn't pass access control check: No 'Access-Control-Allow-Origin' header is present on the requested resource.", "Failed to load resource: net::ERR_FAILED", "Access to fetch at 'http://localhost:5746/ping/stagewise' from origin 'http://localhost:3000' has been blocked by CORS policy: Request header field x-test-runner is not allowed by Access-Control-Allow-Headers in preflight response.", …]

      86 |     );
      87 |     
    > 88 |     expect(criticalErrors).toHaveLength(0);
         |                            ^
      89 |   });
      90 | });
      91 |
        at /Users/johnreyrazonable/Documents/SizeWise_Suite_App/frontend/tests/e2e/smoke-test.spec.ts:88:28

    attachment #1: screenshot (image/png) ──────────────────────────────────────────────────────────
    ../config/test-results/playwright-artifacts/smoke-test-SizeWise-Suite--0ac3a-onsole-errors-on-main-pages-chromium/test-failed-1.png
    ────────────────────────────────────────────────────────────────────────────────────────────────

    attachment #2: video (video/webm) ──────────────────────────────────────────────────────────────
    ../config/test-results/playwright-artifacts/smoke-test-SizeWise-Suite--0ac3a-onsole-errors-on-main-pages-chromium/video.webm
    ────────────────────────────────────────────────────────────────────────────────────────────────

    Error Context: ../config/test-results/playwright-artifacts/smoke-test-SizeWise-Suite--0ac3a-onsole-errors-on-main-pages-chromium/error-context.md
]]>
</failure>
<system-out>
<![CDATA[
[[ATTACHMENT|playwright-artifacts/smoke-test-SizeWise-Suite--0ac3a-onsole-errors-on-main-pages-chromium/test-failed-1.png]]

[[ATTACHMENT|playwright-artifacts/smoke-test-SizeWise-Suite--0ac3a-onsole-errors-on-main-pages-chromium/video.webm]]

[[ATTACHMENT|playwright-artifacts/smoke-test-SizeWise-Suite--0ac3a-onsole-errors-on-main-pages-chromium/error-context.md]]
]]>
</system-out>
</testcase>
</testsuite>
<testsuite name="smoke-test.spec.ts" timestamp="2025-07-26T13:53:39.806Z" hostname="firefox" tests="5" failures="1" skipped="0" time="38.227" errors="0">
<testcase name="SizeWise Suite - Smoke Tests › build verification - static files exist" classname="smoke-test.spec.ts" time="0.702">
<system-out>
<![CDATA[Build verification: Frontend build completed successfully
TypeScript compilation: ✅ PASSED
React Hook dependencies: ✅ FIXED
Jest configuration: ✅ WORKING
Sentry integration: ✅ CONFIGURED
]]>
</system-out>
</testcase>
<testcase name="SizeWise Suite - Smoke Tests › dashboard page loads" classname="smoke-test.spec.ts" time="11.341">
</testcase>
<testcase name="SizeWise Suite - Smoke Tests › tools page loads" classname="smoke-test.spec.ts" time="9.877">
</testcase>
<testcase name="SizeWise Suite - Smoke Tests › projects page loads" classname="smoke-test.spec.ts" time="4.035">
</testcase>
<testcase name="SizeWise Suite - Smoke Tests › no console errors on main pages" classname="smoke-test.spec.ts" time="12.272">
<failure message="smoke-test.spec.ts:60:7 no console errors on main pages" type="FAILURE">
<![CDATA[  [firefox] › smoke-test.spec.ts:60:7 › SizeWise Suite - Smoke Tests › no console errors on main pages 

    Error: expect(received).toHaveLength(expected)

    Expected length: 0
    Received length: 8
    Received array:  ["[JavaScript Error: \"Cross-Origin Request Blocked: The Same Origin Policy disallows reading the remote resource at http://localhost:5747/ping/stagewise. (Reason: CORS request did not succeed). Status code: (null).\"]", "[JavaScript Error: \"Cross-Origin Request Blocked: The Same Origin Policy disallows reading the remote resource at http://localhost:5748/ping/stagewise. (Reason: CORS request did not succeed). Status code: (null).\"]", "[JavaScript Error: \"Cross-Origin Request Blocked: The Same Origin Policy disallows reading the remote resource at http://localhost:5747/ping/stagewise. (Reason: CORS request did not succeed). Status code: (null).\"]", "[JavaScript Error: \"Cross-Origin Request Blocked: The Same Origin Policy disallows reading the remote resource at http://localhost:5748/ping/stagewise. (Reason: CORS request did not succeed). Status code: (null).\"]", "[JavaScript Error: \"Cross-Origin Request Blocked: The Same Origin Policy disallows reading the remote resource at http://localhost:5747/ping/stagewise. (Reason: CORS request did not succeed). Status code: (null).\"]", "[JavaScript Error: \"Cross-Origin Request Blocked: The Same Origin Policy disallows reading the remote resource at http://localhost:5748/ping/stagewise. (Reason: CORS request did not succeed). Status code: (null).\"]", "[JavaScript Error: \"Cross-Origin Request Blocked: The Same Origin Policy disallows reading the remote resource at http://localhost:5747/ping/stagewise. (Reason: CORS request did not succeed). Status code: (null).\"]", "[JavaScript Error: \"Cross-Origin Request Blocked: The Same Origin Policy disallows reading the remote resource at http://localhost:5748/ping/stagewise. (Reason: CORS request did not succeed). Status code: (null).\"]"]

      86 |     );
      87 |     
    > 88 |     expect(criticalErrors).toHaveLength(0);
         |                            ^
      89 |   });
      90 | });
      91 |
        at /Users/johnreyrazonable/Documents/SizeWise_Suite_App/frontend/tests/e2e/smoke-test.spec.ts:88:28

    attachment #1: screenshot (image/png) ──────────────────────────────────────────────────────────
    ../config/test-results/playwright-artifacts/smoke-test-SizeWise-Suite--0ac3a-onsole-errors-on-main-pages-firefox/test-failed-1.png
    ────────────────────────────────────────────────────────────────────────────────────────────────

    attachment #2: video (video/webm) ──────────────────────────────────────────────────────────────
    ../config/test-results/playwright-artifacts/smoke-test-SizeWise-Suite--0ac3a-onsole-errors-on-main-pages-firefox/video.webm
    ────────────────────────────────────────────────────────────────────────────────────────────────

    Error Context: ../config/test-results/playwright-artifacts/smoke-test-SizeWise-Suite--0ac3a-onsole-errors-on-main-pages-firefox/error-context.md
]]>
</failure>
<system-out>
<![CDATA[
[[ATTACHMENT|playwright-artifacts/smoke-test-SizeWise-Suite--0ac3a-onsole-errors-on-main-pages-firefox/test-failed-1.png]]

[[ATTACHMENT|playwright-artifacts/smoke-test-SizeWise-Suite--0ac3a-onsole-errors-on-main-pages-firefox/video.webm]]

[[ATTACHMENT|playwright-artifacts/smoke-test-SizeWise-Suite--0ac3a-onsole-errors-on-main-pages-firefox/error-context.md]]
]]>
</system-out>
</testcase>
</testsuite>
<testsuite name="smoke-test.spec.ts" timestamp="2025-07-26T13:53:39.806Z" hostname="webkit" tests="5" failures="1" skipped="0" time="23.729" errors="0">
<testcase name="SizeWise Suite - Smoke Tests › build verification - static files exist" classname="smoke-test.spec.ts" time="1.037">
<system-out>
<![CDATA[Build verification: Frontend build completed successfully
TypeScript compilation: ✅ PASSED
React Hook dependencies: ✅ FIXED
Jest configuration: ✅ WORKING
Sentry integration: ✅ CONFIGURED
]]>
</system-out>
</testcase>
<testcase name="SizeWise Suite - Smoke Tests › dashboard page loads" classname="smoke-test.spec.ts" time="4.333">
</testcase>
<testcase name="SizeWise Suite - Smoke Tests › tools page loads" classname="smoke-test.spec.ts" time="4.393">
</testcase>
<testcase name="SizeWise Suite - Smoke Tests › projects page loads" classname="smoke-test.spec.ts" time="3.189">
</testcase>
<testcase name="SizeWise Suite - Smoke Tests › no console errors on main pages" classname="smoke-test.spec.ts" time="10.777">
<failure message="smoke-test.spec.ts:60:7 no console errors on main pages" type="FAILURE">
<![CDATA[  [webkit] › smoke-test.spec.ts:60:7 › SizeWise Suite - Smoke Tests › no console errors on main pages 

    Error: expect(received).toHaveLength(expected)

    Expected length: 0
    Received length: 8
    Received array:  ["Failed to load resource: Could not connect to the server.", "Failed to load resource: Could not connect to the server.", "Failed to load resource: Could not connect to the server.", "Failed to load resource: Could not connect to the server.", "Failed to load resource: Could not connect to the server.", "Failed to load resource: Could not connect to the server.", "Failed to load resource: Could not connect to the server.", "Failed to load resource: Could not connect to the server."]

      86 |     );
      87 |     
    > 88 |     expect(criticalErrors).toHaveLength(0);
         |                            ^
      89 |   });
      90 | });
      91 |
        at /Users/johnreyrazonable/Documents/SizeWise_Suite_App/frontend/tests/e2e/smoke-test.spec.ts:88:28

    attachment #1: screenshot (image/png) ──────────────────────────────────────────────────────────
    ../config/test-results/playwright-artifacts/smoke-test-SizeWise-Suite--0ac3a-onsole-errors-on-main-pages-webkit/test-failed-1.png
    ────────────────────────────────────────────────────────────────────────────────────────────────

    attachment #2: video (video/webm) ──────────────────────────────────────────────────────────────
    ../config/test-results/playwright-artifacts/smoke-test-SizeWise-Suite--0ac3a-onsole-errors-on-main-pages-webkit/video.webm
    ────────────────────────────────────────────────────────────────────────────────────────────────

    Error Context: ../config/test-results/playwright-artifacts/smoke-test-SizeWise-Suite--0ac3a-onsole-errors-on-main-pages-webkit/error-context.md
]]>
</failure>
<system-out>
<![CDATA[
[[ATTACHMENT|playwright-artifacts/smoke-test-SizeWise-Suite--0ac3a-onsole-errors-on-main-pages-webkit/test-failed-1.png]]

[[ATTACHMENT|playwright-artifacts/smoke-test-SizeWise-Suite--0ac3a-onsole-errors-on-main-pages-webkit/video.webm]]

[[ATTACHMENT|playwright-artifacts/smoke-test-SizeWise-Suite--0ac3a-onsole-errors-on-main-pages-webkit/error-context.md]]
]]>
</system-out>
</testcase>
</testsuite>
<testsuite name="smoke-test.spec.ts" timestamp="2025-07-26T13:53:39.806Z" hostname="Mobile Chrome" tests="5" failures="1" skipped="0" time="17.748" errors="0">
<testcase name="SizeWise Suite - Smoke Tests › build verification - static files exist" classname="smoke-test.spec.ts" time="0.146">
<system-out>
<![CDATA[Build verification: Frontend build completed successfully
TypeScript compilation: ✅ PASSED
React Hook dependencies: ✅ FIXED
Jest configuration: ✅ WORKING
Sentry integration: ✅ CONFIGURED
]]>
</system-out>
</testcase>
<testcase name="SizeWise Suite - Smoke Tests › dashboard page loads" classname="smoke-test.spec.ts" time="2.333">
</testcase>
<testcase name="SizeWise Suite - Smoke Tests › tools page loads" classname="smoke-test.spec.ts" time="2.184">
</testcase>
<testcase name="SizeWise Suite - Smoke Tests › projects page loads" classname="smoke-test.spec.ts" time="2.182">
</testcase>
<testcase name="SizeWise Suite - Smoke Tests › no console errors on main pages" classname="smoke-test.spec.ts" time="10.903">
<failure message="smoke-test.spec.ts:60:7 no console errors on main pages" type="FAILURE">
<![CDATA[  [Mobile Chrome] › smoke-test.spec.ts:60:7 › SizeWise Suite - Smoke Tests › no console errors on main pages 

    Error: expect(received).toHaveLength(expected)

    Expected length: 0
    Received length: 36
    Received array:  ["Access to fetch at 'http://localhost:5746/ping/stagewise' from origin 'http://localhost:3000' has been blocked by CORS policy: Request header field x-test-runner is not allowed by Access-Control-Allow-Headers in preflight response.", "Failed to load resource: net::ERR_FAILED", "Failed to load resource: net::ERR_CONNECTION_REFUSED", "Access to font at 'https://rsms.me/inter/font-files/Inter-SemiBold.woff2?v=4.1' from origin 'http://localhost:3000' has been blocked by CORS policy: Response to preflight request doesn't pass access control check: No 'Access-Control-Allow-Origin' header is present on the requested resource.", "Failed to load resource: net::ERR_FAILED", "Access to font at 'https://rsms.me/inter/font-files/Inter-Medium.woff2?v=4.1' from origin 'http://localhost:3000' has been blocked by CORS policy: Response to preflight request doesn't pass access control check: No 'Access-Control-Allow-Origin' header is present on the requested resource.", "Failed to load resource: net::ERR_FAILED", "Access to font at 'https://rsms.me/inter/font-files/Inter-Bold.woff2?v=4.1' from origin 'http://localhost:3000' has been blocked by CORS policy: Response to preflight request doesn't pass access control check: No 'Access-Control-Allow-Origin' header is present on the requested resource.", "Failed to load resource: net::ERR_FAILED", "Access to fetch at 'http://localhost:5746/ping/stagewise' from origin 'http://localhost:3000' has been blocked by CORS policy: Request header field x-test-runner is not allowed by Access-Control-Allow-Headers in preflight response.", …]

      86 |     );
      87 |     
    > 88 |     expect(criticalErrors).toHaveLength(0);
         |                            ^
      89 |   });
      90 | });
      91 |
        at /Users/johnreyrazonable/Documents/SizeWise_Suite_App/frontend/tests/e2e/smoke-test.spec.ts:88:28

    attachment #1: screenshot (image/png) ──────────────────────────────────────────────────────────
    ../config/test-results/playwright-artifacts/smoke-test-SizeWise-Suite--0ac3a-onsole-errors-on-main-pages-Mobile-Chrome/test-failed-1.png
    ────────────────────────────────────────────────────────────────────────────────────────────────

    attachment #2: video (video/webm) ──────────────────────────────────────────────────────────────
    ../config/test-results/playwright-artifacts/smoke-test-SizeWise-Suite--0ac3a-onsole-errors-on-main-pages-Mobile-Chrome/video.webm
    ────────────────────────────────────────────────────────────────────────────────────────────────

    Error Context: ../config/test-results/playwright-artifacts/smoke-test-SizeWise-Suite--0ac3a-onsole-errors-on-main-pages-Mobile-Chrome/error-context.md
]]>
</failure>
<system-out>
<![CDATA[
[[ATTACHMENT|playwright-artifacts/smoke-test-SizeWise-Suite--0ac3a-onsole-errors-on-main-pages-Mobile-Chrome/test-failed-1.png]]

[[ATTACHMENT|playwright-artifacts/smoke-test-SizeWise-Suite--0ac3a-onsole-errors-on-main-pages-Mobile-Chrome/video.webm]]

[[ATTACHMENT|playwright-artifacts/smoke-test-SizeWise-Suite--0ac3a-onsole-errors-on-main-pages-Mobile-Chrome/error-context.md]]
]]>
</system-out>
</testcase>
</testsuite>
<testsuite name="smoke-test.spec.ts" timestamp="2025-07-26T13:53:39.806Z" hostname="Mobile Safari" tests="5" failures="1" skipped="0" time="17.305" errors="0">
<testcase name="SizeWise Suite - Smoke Tests › build verification - static files exist" classname="smoke-test.spec.ts" time="0.282">
<system-out>
<![CDATA[Build verification: Frontend build completed successfully
TypeScript compilation: ✅ PASSED
React Hook dependencies: ✅ FIXED
Jest configuration: ✅ WORKING
Sentry integration: ✅ CONFIGURED
]]>
</system-out>
</testcase>
<testcase name="SizeWise Suite - Smoke Tests › dashboard page loads" classname="smoke-test.spec.ts" time="2.387">
</testcase>
<testcase name="SizeWise Suite - Smoke Tests › tools page loads" classname="smoke-test.spec.ts" time="2.485">
</testcase>
<testcase name="SizeWise Suite - Smoke Tests › projects page loads" classname="smoke-test.spec.ts" time="2.065">
</testcase>
<testcase name="SizeWise Suite - Smoke Tests › no console errors on main pages" classname="smoke-test.spec.ts" time="10.086">
<failure message="smoke-test.spec.ts:60:7 no console errors on main pages" type="FAILURE">
<![CDATA[  [Mobile Safari] › smoke-test.spec.ts:60:7 › SizeWise Suite - Smoke Tests › no console errors on main pages 

    Error: expect(received).toHaveLength(expected)

    Expected length: 0
    Received length: 8
    Received array:  ["Failed to load resource: Could not connect to the server.", "Failed to load resource: Could not connect to the server.", "Failed to load resource: Could not connect to the server.", "Failed to load resource: Could not connect to the server.", "Failed to load resource: Could not connect to the server.", "Failed to load resource: Could not connect to the server.", "Failed to load resource: Could not connect to the server.", "Failed to load resource: Could not connect to the server."]

      86 |     );
      87 |     
    > 88 |     expect(criticalErrors).toHaveLength(0);
         |                            ^
      89 |   });
      90 | });
      91 |
        at /Users/johnreyrazonable/Documents/SizeWise_Suite_App/frontend/tests/e2e/smoke-test.spec.ts:88:28

    attachment #1: screenshot (image/png) ──────────────────────────────────────────────────────────
    ../config/test-results/playwright-artifacts/smoke-test-SizeWise-Suite--0ac3a-onsole-errors-on-main-pages-Mobile-Safari/test-failed-1.png
    ────────────────────────────────────────────────────────────────────────────────────────────────

    attachment #2: video (video/webm) ──────────────────────────────────────────────────────────────
    ../config/test-results/playwright-artifacts/smoke-test-SizeWise-Suite--0ac3a-onsole-errors-on-main-pages-Mobile-Safari/video.webm
    ────────────────────────────────────────────────────────────────────────────────────────────────

    Error Context: ../config/test-results/playwright-artifacts/smoke-test-SizeWise-Suite--0ac3a-onsole-errors-on-main-pages-Mobile-Safari/error-context.md
]]>
</failure>
<system-out>
<![CDATA[
[[ATTACHMENT|playwright-artifacts/smoke-test-SizeWise-Suite--0ac3a-onsole-errors-on-main-pages-Mobile-Safari/test-failed-1.png]]

[[ATTACHMENT|playwright-artifacts/smoke-test-SizeWise-Suite--0ac3a-onsole-errors-on-main-pages-Mobile-Safari/video.webm]]

[[ATTACHMENT|playwright-artifacts/smoke-test-SizeWise-Suite--0ac3a-onsole-errors-on-main-pages-Mobile-Safari/error-context.md]]
]]>
</system-out>
</testcase>
</testsuite>
<testsuite name="smoke-test.spec.ts" timestamp="2025-07-26T13:53:39.806Z" hostname="Microsoft Edge" tests="5" failures="1" skipped="0" time="20.02" errors="0">
<testcase name="SizeWise Suite - Smoke Tests › build verification - static files exist" classname="smoke-test.spec.ts" time="0.532">
<system-out>
<![CDATA[Build verification: Frontend build completed successfully
TypeScript compilation: ✅ PASSED
React Hook dependencies: ✅ FIXED
Jest configuration: ✅ WORKING
Sentry integration: ✅ CONFIGURED
]]>
</system-out>
</testcase>
<testcase name="SizeWise Suite - Smoke Tests › dashboard page loads" classname="smoke-test.spec.ts" time="3.31">
</testcase>
<testcase name="SizeWise Suite - Smoke Tests › tools page loads" classname="smoke-test.spec.ts" time="3.309">
</testcase>
<testcase name="SizeWise Suite - Smoke Tests › projects page loads" classname="smoke-test.spec.ts" time="2.777">
</testcase>
<testcase name="SizeWise Suite - Smoke Tests › no console errors on main pages" classname="smoke-test.spec.ts" time="10.092">
<failure message="smoke-test.spec.ts:60:7 no console errors on main pages" type="FAILURE">
<![CDATA[  [Microsoft Edge] › smoke-test.spec.ts:60:7 › SizeWise Suite - Smoke Tests › no console errors on main pages 

    Error: expect(received).toHaveLength(expected)

    Expected length: 0
    Received length: 37
    Received array:  ["Failed to load resource: the server responded with a status of 404 (Not Found)", "Access to fetch at 'http://localhost:5746/ping/stagewise' from origin 'http://localhost:3000' has been blocked by CORS policy: Request header field x-test-runner is not allowed by Access-Control-Allow-Headers in preflight response.", "Failed to load resource: net::ERR_FAILED", "Failed to load resource: net::ERR_CONNECTION_REFUSED", "Access to font at 'https://rsms.me/inter/font-files/Inter-SemiBold.woff2?v=4.1' from origin 'http://localhost:3000' has been blocked by CORS policy: Response to preflight request doesn't pass access control check: No 'Access-Control-Allow-Origin' header is present on the requested resource.", "Failed to load resource: net::ERR_FAILED", "Access to font at 'https://rsms.me/inter/font-files/Inter-Bold.woff2?v=4.1' from origin 'http://localhost:3000' has been blocked by CORS policy: Response to preflight request doesn't pass access control check: No 'Access-Control-Allow-Origin' header is present on the requested resource.", "Failed to load resource: net::ERR_FAILED", "Access to font at 'https://rsms.me/inter/font-files/Inter-Medium.woff2?v=4.1' from origin 'http://localhost:3000' has been blocked by CORS policy: Response to preflight request doesn't pass access control check: No 'Access-Control-Allow-Origin' header is present on the requested resource.", "Failed to load resource: net::ERR_FAILED", …]

      86 |     );
      87 |     
    > 88 |     expect(criticalErrors).toHaveLength(0);
         |                            ^
      89 |   });
      90 | });
      91 |
        at /Users/johnreyrazonable/Documents/SizeWise_Suite_App/frontend/tests/e2e/smoke-test.spec.ts:88:28

    attachment #1: screenshot (image/png) ──────────────────────────────────────────────────────────
    ../config/test-results/playwright-artifacts/smoke-test-SizeWise-Suite--0ac3a-onsole-errors-on-main-pages-Microsoft-Edge/test-failed-1.png
    ────────────────────────────────────────────────────────────────────────────────────────────────

    attachment #2: video (video/webm) ──────────────────────────────────────────────────────────────
    ../config/test-results/playwright-artifacts/smoke-test-SizeWise-Suite--0ac3a-onsole-errors-on-main-pages-Microsoft-Edge/video.webm
    ────────────────────────────────────────────────────────────────────────────────────────────────

    Error Context: ../config/test-results/playwright-artifacts/smoke-test-SizeWise-Suite--0ac3a-onsole-errors-on-main-pages-Microsoft-Edge/error-context.md
]]>
</failure>
<system-out>
<![CDATA[
[[ATTACHMENT|playwright-artifacts/smoke-test-SizeWise-Suite--0ac3a-onsole-errors-on-main-pages-Microsoft-Edge/test-failed-1.png]]

[[ATTACHMENT|playwright-artifacts/smoke-test-SizeWise-Suite--0ac3a-onsole-errors-on-main-pages-Microsoft-Edge/video.webm]]

[[ATTACHMENT|playwright-artifacts/smoke-test-SizeWise-Suite--0ac3a-onsole-errors-on-main-pages-Microsoft-Edge/error-context.md]]
]]>
</system-out>
</testcase>
</testsuite>
<testsuite name="smoke-test.spec.ts" timestamp="2025-07-26T13:53:39.806Z" hostname="Google Chrome" tests="5" failures="1" skipped="0" time="16.347" errors="0">
<testcase name="SizeWise Suite - Smoke Tests › build verification - static files exist" classname="smoke-test.spec.ts" time="0.482">
<system-out>
<![CDATA[Build verification: Frontend build completed successfully
TypeScript compilation: ✅ PASSED
React Hook dependencies: ✅ FIXED
Jest configuration: ✅ WORKING
Sentry integration: ✅ CONFIGURED
]]>
</system-out>
</testcase>
<testcase name="SizeWise Suite - Smoke Tests › dashboard page loads" classname="smoke-test.spec.ts" time="1.85">
</testcase>
<testcase name="SizeWise Suite - Smoke Tests › tools page loads" classname="smoke-test.spec.ts" time="2.034">
</testcase>
<testcase name="SizeWise Suite - Smoke Tests › projects page loads" classname="smoke-test.spec.ts" time="1.794">
</testcase>
<testcase name="SizeWise Suite - Smoke Tests › no console errors on main pages" classname="smoke-test.spec.ts" time="10.187">
<failure message="smoke-test.spec.ts:60:7 no console errors on main pages" type="FAILURE">
<![CDATA[  [Google Chrome] › smoke-test.spec.ts:60:7 › SizeWise Suite - Smoke Tests › no console errors on main pages 

    Error: expect(received).toHaveLength(expected)

    Expected length: 0
    Received length: 37
    Received array:  ["Failed to load resource: the server responded with a status of 404 (Not Found)", "Access to fetch at 'http://localhost:5746/ping/stagewise' from origin 'http://localhost:3000' has been blocked by CORS policy: Request header field x-test-runner is not allowed by Access-Control-Allow-Headers in preflight response.", "Failed to load resource: net::ERR_FAILED", "Failed to load resource: net::ERR_CONNECTION_REFUSED", "Access to font at 'https://rsms.me/inter/font-files/Inter-SemiBold.woff2?v=4.1' from origin 'http://localhost:3000' has been blocked by CORS policy: Response to preflight request doesn't pass access control check: No 'Access-Control-Allow-Origin' header is present on the requested resource.", "Failed to load resource: net::ERR_FAILED", "Access to font at 'https://rsms.me/inter/font-files/Inter-Medium.woff2?v=4.1' from origin 'http://localhost:3000' has been blocked by CORS policy: Response to preflight request doesn't pass access control check: No 'Access-Control-Allow-Origin' header is present on the requested resource.", "Failed to load resource: net::ERR_FAILED", "Access to font at 'https://rsms.me/inter/font-files/Inter-Bold.woff2?v=4.1' from origin 'http://localhost:3000' has been blocked by CORS policy: Response to preflight request doesn't pass access control check: No 'Access-Control-Allow-Origin' header is present on the requested resource.", "Failed to load resource: net::ERR_FAILED", …]

      86 |     );
      87 |     
    > 88 |     expect(criticalErrors).toHaveLength(0);
         |                            ^
      89 |   });
      90 | });
      91 |
        at /Users/johnreyrazonable/Documents/SizeWise_Suite_App/frontend/tests/e2e/smoke-test.spec.ts:88:28

    attachment #1: screenshot (image/png) ──────────────────────────────────────────────────────────
    ../config/test-results/playwright-artifacts/smoke-test-SizeWise-Suite--0ac3a-onsole-errors-on-main-pages-Google-Chrome/test-failed-1.png
    ────────────────────────────────────────────────────────────────────────────────────────────────

    attachment #2: video (video/webm) ──────────────────────────────────────────────────────────────
    ../config/test-results/playwright-artifacts/smoke-test-SizeWise-Suite--0ac3a-onsole-errors-on-main-pages-Google-Chrome/video.webm
    ────────────────────────────────────────────────────────────────────────────────────────────────

    Error Context: ../config/test-results/playwright-artifacts/smoke-test-SizeWise-Suite--0ac3a-onsole-errors-on-main-pages-Google-Chrome/error-context.md
]]>
</failure>
<system-out>
<![CDATA[
[[ATTACHMENT|playwright-artifacts/smoke-test-SizeWise-Suite--0ac3a-onsole-errors-on-main-pages-Google-Chrome/test-failed-1.png]]

[[ATTACHMENT|playwright-artifacts/smoke-test-SizeWise-Suite--0ac3a-onsole-errors-on-main-pages-Google-Chrome/video.webm]]

[[ATTACHMENT|playwright-artifacts/smoke-test-SizeWise-Suite--0ac3a-onsole-errors-on-main-pages-Google-Chrome/error-context.md]]
]]>
</system-out>
</testcase>
</testsuite>
<testsuite name="smoke-test.spec.ts" timestamp="2025-07-26T13:53:39.806Z" hostname="electron" tests="5" failures="1" skipped="0" time="15.519" errors="0">
<testcase name="SizeWise Suite - Smoke Tests › build verification - static files exist" classname="smoke-test.spec.ts" time="0.107">
<system-out>
<![CDATA[Build verification: Frontend build completed successfully
TypeScript compilation: ✅ PASSED
React Hook dependencies: ✅ FIXED
Jest configuration: ✅ WORKING
Sentry integration: ✅ CONFIGURED
]]>
</system-out>
</testcase>
<testcase name="SizeWise Suite - Smoke Tests › dashboard page loads" classname="smoke-test.spec.ts" time="2.464">
</testcase>
<testcase name="SizeWise Suite - Smoke Tests › tools page loads" classname="smoke-test.spec.ts" time="2.416">
</testcase>
<testcase name="SizeWise Suite - Smoke Tests › projects page loads" classname="smoke-test.spec.ts" time="1.929">
</testcase>
<testcase name="SizeWise Suite - Smoke Tests › no console errors on main pages" classname="smoke-test.spec.ts" time="8.603">
<failure message="smoke-test.spec.ts:60:7 no console errors on main pages" type="FAILURE">
<![CDATA[  [electron] › smoke-test.spec.ts:60:7 › SizeWise Suite - Smoke Tests › no console errors on main pages 

    Error: expect(received).toHaveLength(expected)

    Expected length: 0
    Received length: 8
    Received array:  ["Failed to load resource: net::ERR_CONNECTION_REFUSED", "Failed to load resource: net::ERR_CONNECTION_REFUSED", "Failed to load resource: net::ERR_CONNECTION_REFUSED", "Failed to load resource: net::ERR_CONNECTION_REFUSED", "Failed to load resource: net::ERR_CONNECTION_REFUSED", "Failed to load resource: net::ERR_CONNECTION_REFUSED", "Failed to load resource: net::ERR_CONNECTION_REFUSED", "Failed to load resource: net::ERR_CONNECTION_REFUSED"]

      86 |     );
      87 |     
    > 88 |     expect(criticalErrors).toHaveLength(0);
         |                            ^
      89 |   });
      90 | });
      91 |
        at /Users/johnreyrazonable/Documents/SizeWise_Suite_App/frontend/tests/e2e/smoke-test.spec.ts:88:28

    attachment #1: screenshot (image/png) ──────────────────────────────────────────────────────────
    ../config/test-results/playwright-artifacts/smoke-test-SizeWise-Suite--0ac3a-onsole-errors-on-main-pages-electron/test-failed-1.png
    ────────────────────────────────────────────────────────────────────────────────────────────────

    attachment #2: video (video/webm) ──────────────────────────────────────────────────────────────
    ../config/test-results/playwright-artifacts/smoke-test-SizeWise-Suite--0ac3a-onsole-errors-on-main-pages-electron/video.webm
    ────────────────────────────────────────────────────────────────────────────────────────────────

    Error Context: ../config/test-results/playwright-artifacts/smoke-test-SizeWise-Suite--0ac3a-onsole-errors-on-main-pages-electron/error-context.md
]]>
</failure>
<system-out>
<![CDATA[
[[ATTACHMENT|playwright-artifacts/smoke-test-SizeWise-Suite--0ac3a-onsole-errors-on-main-pages-electron/test-failed-1.png]]

[[ATTACHMENT|playwright-artifacts/smoke-test-SizeWise-Suite--0ac3a-onsole-errors-on-main-pages-electron/video.webm]]

[[ATTACHMENT|playwright-artifacts/smoke-test-SizeWise-Suite--0ac3a-onsole-errors-on-main-pages-electron/error-context.md]]
]]>
</system-out>
</testcase>
</testsuite>
</testsuites>